04-05-2022 01:33:50.849 [Gauge] [DEBUG] Created gauge_screenshots_dir at C:\Users\ECK\Desktop\test\ReadyTestECK\HepsiburadaUiCaseEmailTest\untitled\.gauge\screenshots
04-05-2022 01:33:50.884 [Gauge] [DEBUG] Plugin java is already installed.
04-05-2022 01:33:50.899 [Gauge] [DEBUG] Plugin html-report is already installed.
04-05-2022 01:33:50.901 [Gauge] [DEBUG] Parsing started.
04-05-2022 01:33:50.901 [Gauge] [DEBUG] Started concepts parsing.
04-05-2022 01:33:50.911 [Gauge] [DEBUG] 0 concepts parsing completed.
04-05-2022 01:33:50.911 [Gauge] [DEBUG] Started specifications parsing.
04-05-2022 01:33:50.922 [Gauge] [DEBUG] 1 specifications parsing completed.
04-05-2022 01:33:50.922 [Gauge] [DEBUG] Parsing completed.
04-05-2022 01:33:51.302 [java] [DEBUG] ***** Printing Properties/Env Values *****
04-05-2022 01:33:51.302 [java] [DEBUG] PATH: C:\Program Files\Common Files\Oracle\Java\javapath;C:\Program Files (x86)\Common Files\Oracle\Java\javapath;C:\Windows\system32;C:\Windows;C:\Windows\System32\Wbem;C:\Windows\System32\WindowsPowerShell\v1.0\;C:\Windows\System32\OpenSSH\;C:\Program Files\Gauge\bin;C:\Program Files\Java\jdk-18.0.1\bin;C:\Program Files\Apache\maven\apache-maven-3.8.5\bin;C:\Program Files\Git\cmd;C:\Users\ECK\AppData\Local\Microsoft\WindowsApps;;C:\Users\ECK\AppData\Roaming\gauge\plugins\screenshot\0.1.0
04-05-2022 01:33:51.302 [java] [DEBUG] JAVA_HOME: C:\Program Files\Java\jdk-18.0.1
04-05-2022 01:33:51.302 [java] [DEBUG] gauge_project_root: C:\Users\ECK\Desktop\test\ReadyTestECK\HepsiburadaUiCaseEmailTest\untitled
04-05-2022 01:33:51.302 [java] [DEBUG] gauge_parallel_streams_count: 4
04-05-2022 01:33:51.302 [java] [DEBUG] gauge_reports_dir: reports
04-05-2022 01:33:51.302 [java] [DEBUG] overwrite_reports: true
04-05-2022 01:33:51.302 [java] [DEBUG] logs_directory: logs
04-05-2022 01:33:51.302 [java] [DEBUG] enable_multithreading: false
04-05-2022 01:33:51.302 [java] [DEBUG] gauge_specs_dir: specs
04-05-2022 01:33:51.302 [java] [DEBUG] csv_delimiter: ,
04-05-2022 01:33:51.302 [java] [DEBUG] gauge_java_home: 
04-05-2022 01:33:51.302 [java] [DEBUG] gauge_custom_build_path: 
04-05-2022 01:33:51.302 [java] [DEBUG] gauge_additional_libs: libs/*
04-05-2022 01:33:51.302 [java] [DEBUG] gauge_jvm_args: 
04-05-2022 01:33:51.302 [java] [DEBUG] gauge_custom_compile_dir: 
04-05-2022 01:33:51.302 [java] [DEBUG] gauge_clear_state_level: scenario
04-05-2022 01:33:51.302 [java] [DEBUG] ***** END *****
04-05-2022 01:33:51.564 [Gauge] [DEBUG] Checking updates...
04-05-2022 01:33:51.566 [Gauge] [DEBUG] Downloading https://downloads.gauge.org/plugin/html-report?l=java&p=html-report,java,screenshot,spectacle,xml-report&o=windows&a=amd64
04-05-2022 01:33:51.833 [Gauge] [DEBUG] Downloading https://downloads.gauge.org/plugin/java?l=java&p=html-report,java,screenshot,spectacle,xml-report&o=windows&a=amd64
04-05-2022 01:33:51.901 [Gauge] [DEBUG] Downloading https://downloads.gauge.org/plugin/screenshot?l=java&p=html-report,java,screenshot,spectacle,xml-report&o=windows&a=amd64
04-05-2022 01:33:51.965 [Gauge] [DEBUG] Downloading https://downloads.gauge.org/plugin/spectacle?l=java&p=html-report,java,screenshot,spectacle,xml-report&o=windows&a=amd64
04-05-2022 01:33:52.031 [Gauge] [DEBUG] Downloading https://downloads.gauge.org/plugin/xml-report?l=java&p=html-report,java,screenshot,spectacle,xml-report&o=windows&a=amd64
04-05-2022 01:33:54.839 [java] [ERROR] Installed version of gauge-java (0.8.1) does not match with dependency gauge-java (0.7.13) specified in pom.xml file
04-05-2022 01:33:54.839 [java] [DEBUG] classpath set to C:\Users\ECK\.jdks\openjdk-18.0.1!\java.base;C:\Users\ECK\.jdks\openjdk-18.0.1!\java.compiler;C:\Users\ECK\.jdks\openjdk-18.0.1!\java.datatransfer;C:\Users\ECK\.jdks\openjdk-18.0.1!\java.desktop;C:\Users\ECK\.jdks\openjdk-18.0.1!\java.instrument;C:\Users\ECK\.jdks\openjdk-18.0.1!\java.logging;C:\Users\ECK\.jdks\openjdk-18.0.1!\java.management;C:\Users\ECK\.jdks\openjdk-18.0.1!\java.management.rmi;C:\Users\ECK\.jdks\openjdk-18.0.1!\java.naming;C:\Users\ECK\.jdks\openjdk-18.0.1!\java.net.http;C:\Users\ECK\.jdks\openjdk-18.0.1!\java.prefs;C:\Users\ECK\.jdks\openjdk-18.0.1!\java.rmi;C:\Users\ECK\.jdks\openjdk-18.0.1!\java.scripting;C:\Users\ECK\.jdks\openjdk-18.0.1!\java.se;C:\Users\ECK\.jdks\openjdk-18.0.1!\java.security.jgss;C:\Users\ECK\.jdks\openjdk-18.0.1!\java.security.sasl;C:\Users\ECK\.jdks\openjdk-18.0.1!\java.smartcardio;C:\Users\ECK\.jdks\openjdk-18.0.1!\java.sql;C:\Users\ECK\.jdks\openjdk-18.0.1!\java.sql.rowset;C:\Users\ECK\.jdks\openjdk-18.0.1!\java.transaction.xa;C:\Users\ECK\.jdks\openjdk-18.0.1!\java.xml;C:\Users\ECK\.jdks\openjdk-18.0.1!\java.xml.crypto;C:\Users\ECK\.jdks\openjdk-18.0.1!\jdk.accessibility;C:\Users\ECK\.jdks\openjdk-18.0.1!\jdk.attach;C:\Users\ECK\.jdks\openjdk-18.0.1!\jdk.charsets;C:\Users\ECK\.jdks\openjdk-18.0.1!\jdk.compiler;C:\Users\ECK\.jdks\openjdk-18.0.1!\jdk.crypto.cryptoki;C:\Users\ECK\.jdks\openjdk-18.0.1!\jdk.crypto.ec;C:\Users\ECK\.jdks\openjdk-18.0.1!\jdk.crypto.mscapi;C:\Users\ECK\.jdks\openjdk-18.0.1!\jdk.dynalink;C:\Users\ECK\.jdks\openjdk-18.0.1!\jdk.editpad;C:\Users\ECK\.jdks\openjdk-18.0.1!\jdk.hotspot.agent;C:\Users\ECK\.jdks\openjdk-18.0.1!\jdk.httpserver;C:\Users\ECK\.jdks\openjdk-18.0.1!\jdk.incubator.foreign;C:\Users\ECK\.jdks\openjdk-18.0.1!\jdk.incubator.vector;C:\Users\ECK\.jdks\openjdk-18.0.1!\jdk.internal.ed;C:\Users\ECK\.jdks\openjdk-18.0.1!\jdk.internal.jvmstat;C:\Users\ECK\.jdks\openjdk-18.0.1!\jdk.internal.le;C:\Users\ECK\.jdks\openjdk-18.0.1!\jdk.internal.opt;C:\Users\ECK\.jdks\openjdk-18.0.1!\jdk.internal.vm.ci;C:\Users\ECK\.jdks\openjdk-18.0.1!\jdk.internal.vm.compiler;C:\Users\ECK\.jdks\openjdk-18.0.1!\jdk.internal.vm.compiler.management;C:\Users\ECK\.jdks\openjdk-18.0.1!\jdk.jartool;C:\Users\ECK\.jdks\openjdk-18.0.1!\jdk.javadoc;C:\Users\ECK\.jdks\openjdk-18.0.1!\jdk.jcmd;C:\Users\ECK\.jdks\openjdk-18.0.1!\jdk.jconsole;C:\Users\ECK\.jdks\openjdk-18.0.1!\jdk.jdeps;C:\Users\ECK\.jdks\openjdk-18.0.1!\jdk.jdi;C:\Users\ECK\.jdks\openjdk-18.0.1!\jdk.jdwp.agent;C:\Users\ECK\.jdks\openjdk-18.0.1!\jdk.jfr;C:\Users\ECK\.jdks\openjdk-18.0.1!\jdk.jlink;C:\Users\ECK\.jdks\openjdk-18.0.1!\jdk.jpackage;C:\Users\ECK\.jdks\openjdk-18.0.1!\jdk.jshell;C:\Users\ECK\.jdks\openjdk-18.0.1!\jdk.jsobject;C:\Users\ECK\.jdks\openjdk-18.0.1!\jdk.jstatd;C:\Users\ECK\.jdks\openjdk-18.0.1!\jdk.localedata;C:\Users\ECK\.jdks\openjdk-18.0.1!\jdk.management;C:\Users\ECK\.jdks\openjdk-18.0.1!\jdk.management.agent;C:\Users\ECK\.jdks\openjdk-18.0.1!\jdk.management.jfr;C:\Users\ECK\.jdks\openjdk-18.0.1!\jdk.naming.dns;C:\Users\ECK\.jdks\openjdk-18.0.1!\jdk.naming.rmi;C:\Users\ECK\.jdks\openjdk-18.0.1!\jdk.net;C:\Users\ECK\.jdks\openjdk-18.0.1!\jdk.nio.mapmode;C:\Users\ECK\.jdks\openjdk-18.0.1!\jdk.random;C:\Users\ECK\.jdks\openjdk-18.0.1!\jdk.sctp;C:\Users\ECK\.jdks\openjdk-18.0.1!\jdk.security.auth;C:\Users\ECK\.jdks\openjdk-18.0.1!\jdk.security.jgss;C:\Users\ECK\.jdks\openjdk-18.0.1!\jdk.unsupported;C:\Users\ECK\.jdks\openjdk-18.0.1!\jdk.unsupported.desktop;C:\Users\ECK\.jdks\openjdk-18.0.1!\jdk.xml.dom;C:\Users\ECK\.jdks\openjdk-18.0.1!\jdk.zipfs;C:\Users\ECK\Desktop\test\ReadyTestECK\HepsiburadaUiCaseEmailTest\untitled\target\test-classes;C:\Users\ECK\.m2\repository\com\thoughtworks\gauge\gauge-java\0.7.13\gauge-java-0.7.13.jar;C:\Users\ECK\.m2\repository\com\github\javaparser\javaparser-core\3.16.2\javaparser-core-3.16.2.jar;C:\Users\ECK\.m2\repository\commons-io\commons-io\2.8.0\commons-io-2.8.0.jar;C:\Users\ECK\.m2\repository\commons-lang\commons-lang\2.6\commons-lang-2.6.jar;C:\Users\ECK\.m2\repository\org\json\json\20200518\json-20200518.jar;C:\Users\ECK\.m2\repository\com\google\protobuf\protobuf-java\3.13.0\protobuf-java-3.13.0.jar;C:\Users\ECK\.m2\repository\com\google\guava\guava\29.0-jre\guava-29.0-jre.jar;C:\Users\ECK\.m2\repository\com\google\guava\failureaccess\1.0.1\failureaccess-1.0.1.jar;C:\Users\ECK\.m2\repository\com\google\guava\listenablefuture\9999.0-empty-to-avoid-conflict-with-guava\listenablefuture-9999.0-empty-to-avoid-conflict-with-guava.jar;C:\Users\ECK\.m2\repository\com\google\code\findbugs\jsr305\3.0.2\jsr305-3.0.2.jar;C:\Users\ECK\.m2\repository\org\checkerframework\checker-qual\2.11.1\checker-qual-2.11.1.jar;C:\Users\ECK\.m2\repository\com\google\errorprone\error_prone_annotations\2.3.4\error_prone_annotations-2.3.4.jar;C:\Users\ECK\.m2\repository\com\google\j2objc\j2objc-annotations\1.3\j2objc-annotations-1.3.jar;C:\Users\ECK\.m2\repository\io\grpc\grpc-netty-shaded\1.33.0\grpc-netty-shaded-1.33.0.jar;C:\Users\ECK\.m2\repository\io\grpc\grpc-core\1.33.0\grpc-core-1.33.0.jar;C:\Users\ECK\.m2\repository\com\google\android\annotations\4.1.1.4\annotations-4.1.1.4.jar;C:\Users\ECK\.m2\repository\io\perfmark\perfmark-api\0.19.0\perfmark-api-0.19.0.jar;C:\Users\ECK\.m2\repository\io\grpc\grpc-protobuf\1.33.0\grpc-protobuf-1.33.0.jar;C:\Users\ECK\.m2\repository\io\grpc\grpc-api\1.33.0\grpc-api-1.33.0.jar;C:\Users\ECK\.m2\repository\io\grpc\grpc-context\1.33.0\grpc-context-1.33.0.jar;C:\Users\ECK\.m2\repository\com\google\api\grpc\proto-google-common-protos\1.17.0\proto-google-common-protos-1.17.0.jar;C:\Users\ECK\.m2\repository\io\grpc\grpc-protobuf-lite\1.33.0\grpc-protobuf-lite-1.33.0.jar;C:\Users\ECK\.m2\repository\org\codehaus\mojo\animal-sniffer-annotations\1.18\animal-sniffer-annotations-1.18.jar;C:\Users\ECK\.m2\repository\io\grpc\grpc-stub\1.33.0\grpc-stub-1.33.0.jar;C:\Users\ECK\.m2\repository\javax\annotation\javax.annotation-api\1.3.2\javax.annotation-api-1.3.2.jar;C:\Users\ECK\.m2\repository\org\assertj\assertj-core\3.10.0\assertj-core-3.10.0.jar;C:\Users\ECK\.m2\repository\org\seleniumhq\selenium\selenium-java\3.141.59\selenium-java-3.141.59.jar;C:\Users\ECK\.m2\repository\org\seleniumhq\selenium\selenium-api\3.141.59\selenium-api-3.141.59.jar;C:\Users\ECK\.m2\repository\org\seleniumhq\selenium\selenium-chrome-driver\3.141.59\selenium-chrome-driver-3.141.59.jar;C:\Users\ECK\.m2\repository\org\seleniumhq\selenium\selenium-edge-driver\3.141.59\selenium-edge-driver-3.141.59.jar;C:\Users\ECK\.m2\repository\org\seleniumhq\selenium\selenium-firefox-driver\3.141.59\selenium-firefox-driver-3.141.59.jar;C:\Users\ECK\.m2\repository\org\seleniumhq\selenium\selenium-ie-driver\3.141.59\selenium-ie-driver-3.141.59.jar;C:\Users\ECK\.m2\repository\org\seleniumhq\selenium\selenium-opera-driver\3.141.59\selenium-opera-driver-3.141.59.jar;C:\Users\ECK\.m2\repository\org\seleniumhq\selenium\selenium-remote-driver\3.141.59\selenium-remote-driver-3.141.59.jar;C:\Users\ECK\.m2\repository\org\seleniumhq\selenium\selenium-safari-driver\3.141.59\selenium-safari-driver-3.141.59.jar;C:\Users\ECK\.m2\repository\org\seleniumhq\selenium\selenium-support\3.141.59\selenium-support-3.141.59.jar;C:\Users\ECK\.m2\repository\net\bytebuddy\byte-buddy\1.8.15\byte-buddy-1.8.15.jar;C:\Users\ECK\.m2\repository\org\apache\commons\commons-exec\1.3\commons-exec-1.3.jar;C:\Users\ECK\.m2\repository\com\squareup\okhttp3\okhttp\3.11.0\okhttp-3.11.0.jar;C:\Users\ECK\.m2\repository\com\squareup\okio\okio\1.14.0\okio-1.14.0.jar;C:\Users\ECK\.m2\repository\io\github\bonigarcia\webdrivermanager\4.2.0\webdrivermanager-4.2.0.jar;C:\Users\ECK\.m2\repository\org\slf4j\slf4j-api\1.7.30\slf4j-api-1.7.30.jar;C:\Users\ECK\.m2\repository\com\google\code\gson\gson\2.8.6\gson-2.8.6.jar;C:\Users\ECK\.m2\repository\org\apache\commons\commons-lang3\3.11\commons-lang3-3.11.jar;C:\Users\ECK\.m2\repository\org\apache\httpcomponents\client5\httpclient5\5.0.1\httpclient5-5.0.1.jar;C:\Users\ECK\.m2\repository\org\apache\httpcomponents\core5\httpcore5\5.0.1\httpcore5-5.0.1.jar;C:\Users\ECK\.m2\repository\org\apache\httpcomponents\core5\httpcore5-h2\5.0.1\httpcore5-h2-5.0.1.jar;C:\Users\ECK\.m2\repository\commons-codec\commons-codec\1.13\commons-codec-1.13.jar;C:\Users\ECK\.m2\repository\org\rauschig\jarchivelib\1.0.0\jarchivelib-1.0.0.jar;C:\Users\ECK\.m2\repository\org\apache\commons\commons-compress\1.18\commons-compress-1.18.jar;C:\Users\ECK\.m2\repository\org\jsoup\jsoup\1.13.1\jsoup-1.13.1.jar;C:\Users\ECK\.m2\repository\org\reflections\reflections\0.9.10\reflections-0.9.10.jar;C:\Users\ECK\.m2\repository\org\javassist\javassist\3.19.0-GA\javassist-3.19.0-GA.jar;C:\Users\ECK\.m2\repository\com\google\code\findbugs\annotations\2.0.1\annotations-2.0.1.jar;C:\Users\ECK\.m2\repository\junit\junit\4.12\junit-4.12.jar;C:\Users\ECK\.m2\repository\org\hamcrest\hamcrest-core\1.3\hamcrest-core-1.3.jar
04-05-2022 01:33:54.903 [java] [DEBUG] found java executable in C:\Program Files\Java\jdk-18.0.1\bin\java.exe
04-05-2022 01:33:54.903 [java] [DEBUG] running - C:\Program Files\Java\jdk-18.0.1\bin\java.exe [-Dfile.encoding=UTF-8 com.thoughtworks.gauge.GaugeRuntime --start]
04-05-2022 01:33:54.903 [java] [DEBUG] stdout/stderr is logged to logs\7480-java.exe.out
04-05-2022 01:33:55.085 [java] [DEBUG] multithreading is set to false
04-05-2022 01:33:55.416 [java] [DEBUG] Using reflection to scan dependencies for gauge implementations...
04-05-2022 01:33:55.491 [java] [ERROR] SLF4J: Failed to load class "org.slf4j.impl.StaticLoggerBinder".
04-05-2022 01:33:55.492 [java] [ERROR] SLF4J: Defaulting to no-operation (NOP) logger implementation
04-05-2022 01:33:55.492 [java] [ERROR] SLF4J: See http://www.slf4j.org/codes.html#StaticLoggerBinder for further details.
04-05-2022 01:33:55.998 [java] [DEBUG] gauge-java took 913milliseconds to load and scan. This should be less than 'runner_connection_timeout' config value.
04-05-2022 01:33:55.998 [java] [DEBUG] run 'gauge config runner_connection_timeout' and verify that it is < 913
04-05-2022 01:33:55.998 [java] [DEBUG] starting gRPC server...
04-05-2022 01:33:56.164 [java] [DEBUG] started gRPC server on port 55865
04-05-2022 01:33:56.164 [Gauge] [DEBUG] Attempting to connect to grpc server at port: 55865
04-05-2022 01:33:56.363 [Gauge] [DEBUG] Successfully made the connection with runner with port: 55865
04-05-2022 01:33:56.365 [Gauge] [DEBUG] Validation started.
04-05-2022 01:33:57.011 [java] [DEBUG] Scanning packages for steps
04-05-2022 01:33:57.024 [java] [DEBUG] Comparing 'org.example.StepImplementation.ensureInstallationInstructionsAreAvailable' and 'org.example.StepImplementation.ensureInstallationInstructionsAreAvailable'
04-05-2022 01:33:57.024 [java] [DEBUG] Found Ensure installation instructions are available in current project scope.
04-05-2022 01:33:57.024 [java] [DEBUG] Comparing 'org.example.StepImplementation.gotoGetStartedPage' and 'org.example.StepImplementation.gotoGetStartedPage'
04-05-2022 01:33:57.024 [java] [DEBUG] Found Go to Gauge Get Started Page in current project scope.
04-05-2022 01:33:57.024 [java] [DEBUG] Comparing 'org.example.StepImplementation.implementation1' and 'org.example.StepImplementation.implementation1'
04-05-2022 01:33:57.024 [java] [DEBUG] Found Open the Gauge homepage in current project scope.
04-05-2022 01:33:57.024 [java] [DEBUG] Scanning packages for hooks
04-05-2022 01:33:57.030 [java] [DEBUG] Scanned steps (using static parsing + reflections): 
04-05-2022 01:33:57.030 [java] [DEBUG] 	Open the Gauge homepage : public void implementation1()
04-05-2022 01:33:57.030 [java] [DEBUG] 	Go to Gauge Get Started Page : public void gotoGetStartedPage() throws InterruptedException
04-05-2022 01:33:57.030 [java] [DEBUG] 	Ensure installation instructions are available : public void ensureInstallationInstructionsAreAvailable() throws InterruptedException
04-05-2022 01:33:58.024 [Gauge] [DEBUG] Validation completed.
04-05-2022 01:33:58.026 [Gauge] [DEBUG] Run started
04-05-2022 01:33:58.027 [Gauge] [DEBUG] Starting Html Report plugin
04-05-2022 01:33:58.464 [Gauge] [DEBUG] Attempting to connect to grpc server at port: 55868
04-05-2022 01:33:58.465 [Gauge] [DEBUG] Successfully made the connection with plugin with port: 55868
04-05-2022 01:33:58.466 [Gauge] [DEBUG] Initialising suite data store.
04-05-2022 01:34:00.321 [java] [ERROR] Starting ChromeDriver 100.0.4896.60 (6a5d10861ce8de5fce22564658033b43cb7de047-refs/branch-heads/4896@{#875}) on port 34263
04-05-2022 01:34:00.321 [java] [ERROR] Only local connections are allowed.
04-05-2022 01:34:00.321 [java] [ERROR] Please see https://chromedriver.chromium.org/security-considerations for suggestions on keeping ChromeDriver safe.
04-05-2022 01:34:00.328 [java] [ERROR] ChromeDriver was started successfully.
04-05-2022 01:34:01.600 [java] [ERROR] May 04, 2022 1:34:01 ÖÖ org.openqa.selenium.remote.ProtocolHandshake createSession
04-05-2022 01:34:01.600 [java] [ERROR] INFO: Detected dialect: W3C
04-05-2022 01:34:01.657 [java] [DEBUG] Executing 'Open the Gauge homepage' using 'class org.example.StepImplementation.implementation1
04-05-2022 01:34:03.039 [java] [DEBUG] Executing 'Go to Gauge Get Started Page' using 'class org.example.StepImplementation.gotoGetStartedPage
04-05-2022 01:34:03.992 [java] [DEBUG] Executing 'Ensure installation instructions are available' using 'class org.example.StepImplementation.ensureInstallationInstructionsAreAvailable
04-05-2022 01:34:04.289 [html-report] [DEBUG] Transformed SuiteResult to report structure
04-05-2022 01:34:05.468 [html-report] [INFO] Successfully generated html-report to => C:\Users\ECK\Desktop\test\ReadyTestECK\HepsiburadaUiCaseEmailTest\untitled\reports\html-report\index.html
04-05-2022 01:34:05.468 [html-report] [DEBUG] Done generating HTML report using theme from C:\Users\ECK\AppData\Roaming\gauge\plugins\html-report\4.1.4\themes\default
04-05-2022 01:34:05.469 [Gauge] [DEBUG] Sending kill message to Html Report plugin.
04-05-2022 01:34:06.137 [Gauge] [DEBUG] Runner with PID:7480 has exited
04-05-2022 01:34:06.137 [Gauge] [INFO] Specifications:	1 executed	1 passed	0 failed	0 skipped
04-05-2022 01:34:06.137 [Gauge] [INFO] Scenarios:	1 executed	1 passed	0 failed	0 skipped
04-05-2022 01:34:06.137 [Gauge] [INFO] 
Total time taken: 6.259s
04-05-2022 01:49:56.980 [Gauge] [DEBUG] Created gauge_screenshots_dir at C:\Users\ECK\Desktop\test\ReadyTestECK\HepsiburadaUiCaseEmailTest\untitled\.gauge\screenshots
04-05-2022 01:49:56.982 [Gauge] [DEBUG] Plugin java is already installed.
04-05-2022 01:49:56.983 [Gauge] [DEBUG] Plugin html-report is already installed.
04-05-2022 01:49:56.983 [Gauge] [DEBUG] Parsing started.
04-05-2022 01:49:56.984 [Gauge] [DEBUG] Started concepts parsing.
04-05-2022 01:49:56.993 [Gauge] [DEBUG] 0 concepts parsing completed.
04-05-2022 01:49:56.993 [Gauge] [DEBUG] Started specifications parsing.
04-05-2022 01:49:57.000 [Gauge] [DEBUG] 1 specifications parsing completed.
04-05-2022 01:49:57.000 [Gauge] [DEBUG] Parsing completed.
04-05-2022 01:49:57.032 [java] [DEBUG] ***** Printing Properties/Env Values *****
04-05-2022 01:49:57.033 [java] [DEBUG] PATH: C:\Program Files\Common Files\Oracle\Java\javapath;C:\Program Files (x86)\Common Files\Oracle\Java\javapath;C:\Windows\system32;C:\Windows;C:\Windows\System32\Wbem;C:\Windows\System32\WindowsPowerShell\v1.0\;C:\Windows\System32\OpenSSH\;C:\Program Files\Gauge\bin;C:\Program Files\Java\jdk-18.0.1\bin;C:\Program Files\Apache\maven\apache-maven-3.8.5\bin;C:\Program Files\Git\cmd;C:\Users\ECK\AppData\Local\Microsoft\WindowsApps;;C:\Users\ECK\AppData\Roaming\gauge\plugins\screenshot\0.1.0
04-05-2022 01:49:57.033 [java] [DEBUG] JAVA_HOME: C:\Program Files\Java\jdk-18.0.1
04-05-2022 01:49:57.033 [java] [DEBUG] gauge_project_root: C:\Users\ECK\Desktop\test\ReadyTestECK\HepsiburadaUiCaseEmailTest\untitled
04-05-2022 01:49:57.033 [java] [DEBUG] gauge_parallel_streams_count: 4
04-05-2022 01:49:57.033 [java] [DEBUG] gauge_reports_dir: reports
04-05-2022 01:49:57.033 [java] [DEBUG] overwrite_reports: true
04-05-2022 01:49:57.033 [java] [DEBUG] logs_directory: logs
04-05-2022 01:49:57.033 [java] [DEBUG] enable_multithreading: false
04-05-2022 01:49:57.033 [java] [DEBUG] gauge_specs_dir: specs
04-05-2022 01:49:57.033 [java] [DEBUG] csv_delimiter: ,
04-05-2022 01:49:57.033 [java] [DEBUG] gauge_java_home: 
04-05-2022 01:49:57.033 [java] [DEBUG] gauge_custom_build_path: 
04-05-2022 01:49:57.033 [java] [DEBUG] gauge_additional_libs: libs/*
04-05-2022 01:49:57.033 [java] [DEBUG] gauge_jvm_args: 
04-05-2022 01:49:57.033 [java] [DEBUG] gauge_custom_compile_dir: 
04-05-2022 01:49:57.033 [java] [DEBUG] gauge_clear_state_level: scenario
04-05-2022 01:49:57.033 [java] [DEBUG] ***** END *****
04-05-2022 01:49:57.390 [Gauge] [DEBUG] Checking updates...
04-05-2022 01:49:57.399 [Gauge] [DEBUG] Downloading https://downloads.gauge.org/plugin/html-report?l=java&p=html-report,java,screenshot,spectacle,xml-report&o=windows&a=amd64
04-05-2022 01:49:57.805 [Gauge] [DEBUG] Downloading https://downloads.gauge.org/plugin/java?l=java&p=html-report,java,screenshot,spectacle,xml-report&o=windows&a=amd64
04-05-2022 01:49:57.911 [Gauge] [DEBUG] Downloading https://downloads.gauge.org/plugin/screenshot?l=java&p=html-report,java,screenshot,spectacle,xml-report&o=windows&a=amd64
04-05-2022 01:49:58.127 [Gauge] [DEBUG] Downloading https://downloads.gauge.org/plugin/spectacle?l=java&p=html-report,java,screenshot,spectacle,xml-report&o=windows&a=amd64
04-05-2022 01:49:58.278 [Gauge] [DEBUG] Downloading https://downloads.gauge.org/plugin/xml-report?l=java&p=html-report,java,screenshot,spectacle,xml-report&o=windows&a=amd64
04-05-2022 01:50:02.217 [java] [ERROR] Installed version of gauge-java (0.8.1) does not match with dependency gauge-java (0.7.13) specified in pom.xml file
04-05-2022 01:50:02.218 [java] [DEBUG] classpath set to C:\Users\ECK\.jdks\openjdk-18.0.1!\java.base;C:\Users\ECK\.jdks\openjdk-18.0.1!\java.compiler;C:\Users\ECK\.jdks\openjdk-18.0.1!\java.datatransfer;C:\Users\ECK\.jdks\openjdk-18.0.1!\java.desktop;C:\Users\ECK\.jdks\openjdk-18.0.1!\java.instrument;C:\Users\ECK\.jdks\openjdk-18.0.1!\java.logging;C:\Users\ECK\.jdks\openjdk-18.0.1!\java.management;C:\Users\ECK\.jdks\openjdk-18.0.1!\java.management.rmi;C:\Users\ECK\.jdks\openjdk-18.0.1!\java.naming;C:\Users\ECK\.jdks\openjdk-18.0.1!\java.net.http;C:\Users\ECK\.jdks\openjdk-18.0.1!\java.prefs;C:\Users\ECK\.jdks\openjdk-18.0.1!\java.rmi;C:\Users\ECK\.jdks\openjdk-18.0.1!\java.scripting;C:\Users\ECK\.jdks\openjdk-18.0.1!\java.se;C:\Users\ECK\.jdks\openjdk-18.0.1!\java.security.jgss;C:\Users\ECK\.jdks\openjdk-18.0.1!\java.security.sasl;C:\Users\ECK\.jdks\openjdk-18.0.1!\java.smartcardio;C:\Users\ECK\.jdks\openjdk-18.0.1!\java.sql;C:\Users\ECK\.jdks\openjdk-18.0.1!\java.sql.rowset;C:\Users\ECK\.jdks\openjdk-18.0.1!\java.transaction.xa;C:\Users\ECK\.jdks\openjdk-18.0.1!\java.xml;C:\Users\ECK\.jdks\openjdk-18.0.1!\java.xml.crypto;C:\Users\ECK\.jdks\openjdk-18.0.1!\jdk.accessibility;C:\Users\ECK\.jdks\openjdk-18.0.1!\jdk.attach;C:\Users\ECK\.jdks\openjdk-18.0.1!\jdk.charsets;C:\Users\ECK\.jdks\openjdk-18.0.1!\jdk.compiler;C:\Users\ECK\.jdks\openjdk-18.0.1!\jdk.crypto.cryptoki;C:\Users\ECK\.jdks\openjdk-18.0.1!\jdk.crypto.ec;C:\Users\ECK\.jdks\openjdk-18.0.1!\jdk.crypto.mscapi;C:\Users\ECK\.jdks\openjdk-18.0.1!\jdk.dynalink;C:\Users\ECK\.jdks\openjdk-18.0.1!\jdk.editpad;C:\Users\ECK\.jdks\openjdk-18.0.1!\jdk.hotspot.agent;C:\Users\ECK\.jdks\openjdk-18.0.1!\jdk.httpserver;C:\Users\ECK\.jdks\openjdk-18.0.1!\jdk.incubator.foreign;C:\Users\ECK\.jdks\openjdk-18.0.1!\jdk.incubator.vector;C:\Users\ECK\.jdks\openjdk-18.0.1!\jdk.internal.ed;C:\Users\ECK\.jdks\openjdk-18.0.1!\jdk.internal.jvmstat;C:\Users\ECK\.jdks\openjdk-18.0.1!\jdk.internal.le;C:\Users\ECK\.jdks\openjdk-18.0.1!\jdk.internal.opt;C:\Users\ECK\.jdks\openjdk-18.0.1!\jdk.internal.vm.ci;C:\Users\ECK\.jdks\openjdk-18.0.1!\jdk.internal.vm.compiler;C:\Users\ECK\.jdks\openjdk-18.0.1!\jdk.internal.vm.compiler.management;C:\Users\ECK\.jdks\openjdk-18.0.1!\jdk.jartool;C:\Users\ECK\.jdks\openjdk-18.0.1!\jdk.javadoc;C:\Users\ECK\.jdks\openjdk-18.0.1!\jdk.jcmd;C:\Users\ECK\.jdks\openjdk-18.0.1!\jdk.jconsole;C:\Users\ECK\.jdks\openjdk-18.0.1!\jdk.jdeps;C:\Users\ECK\.jdks\openjdk-18.0.1!\jdk.jdi;C:\Users\ECK\.jdks\openjdk-18.0.1!\jdk.jdwp.agent;C:\Users\ECK\.jdks\openjdk-18.0.1!\jdk.jfr;C:\Users\ECK\.jdks\openjdk-18.0.1!\jdk.jlink;C:\Users\ECK\.jdks\openjdk-18.0.1!\jdk.jpackage;C:\Users\ECK\.jdks\openjdk-18.0.1!\jdk.jshell;C:\Users\ECK\.jdks\openjdk-18.0.1!\jdk.jsobject;C:\Users\ECK\.jdks\openjdk-18.0.1!\jdk.jstatd;C:\Users\ECK\.jdks\openjdk-18.0.1!\jdk.localedata;C:\Users\ECK\.jdks\openjdk-18.0.1!\jdk.management;C:\Users\ECK\.jdks\openjdk-18.0.1!\jdk.management.agent;C:\Users\ECK\.jdks\openjdk-18.0.1!\jdk.management.jfr;C:\Users\ECK\.jdks\openjdk-18.0.1!\jdk.naming.dns;C:\Users\ECK\.jdks\openjdk-18.0.1!\jdk.naming.rmi;C:\Users\ECK\.jdks\openjdk-18.0.1!\jdk.net;C:\Users\ECK\.jdks\openjdk-18.0.1!\jdk.nio.mapmode;C:\Users\ECK\.jdks\openjdk-18.0.1!\jdk.random;C:\Users\ECK\.jdks\openjdk-18.0.1!\jdk.sctp;C:\Users\ECK\.jdks\openjdk-18.0.1!\jdk.security.auth;C:\Users\ECK\.jdks\openjdk-18.0.1!\jdk.security.jgss;C:\Users\ECK\.jdks\openjdk-18.0.1!\jdk.unsupported;C:\Users\ECK\.jdks\openjdk-18.0.1!\jdk.unsupported.desktop;C:\Users\ECK\.jdks\openjdk-18.0.1!\jdk.xml.dom;C:\Users\ECK\.jdks\openjdk-18.0.1!\jdk.zipfs;C:\Users\ECK\Desktop\test\ReadyTestECK\HepsiburadaUiCaseEmailTest\untitled\target\test-classes;C:\Users\ECK\.m2\repository\com\thoughtworks\gauge\gauge-java\0.7.13\gauge-java-0.7.13.jar;C:\Users\ECK\.m2\repository\com\github\javaparser\javaparser-core\3.16.2\javaparser-core-3.16.2.jar;C:\Users\ECK\.m2\repository\commons-io\commons-io\2.8.0\commons-io-2.8.0.jar;C:\Users\ECK\.m2\repository\commons-lang\commons-lang\2.6\commons-lang-2.6.jar;C:\Users\ECK\.m2\repository\org\json\json\20200518\json-20200518.jar;C:\Users\ECK\.m2\repository\com\google\protobuf\protobuf-java\3.13.0\protobuf-java-3.13.0.jar;C:\Users\ECK\.m2\repository\com\google\guava\guava\29.0-jre\guava-29.0-jre.jar;C:\Users\ECK\.m2\repository\com\google\guava\failureaccess\1.0.1\failureaccess-1.0.1.jar;C:\Users\ECK\.m2\repository\com\google\guava\listenablefuture\9999.0-empty-to-avoid-conflict-with-guava\listenablefuture-9999.0-empty-to-avoid-conflict-with-guava.jar;C:\Users\ECK\.m2\repository\com\google\code\findbugs\jsr305\3.0.2\jsr305-3.0.2.jar;C:\Users\ECK\.m2\repository\org\checkerframework\checker-qual\2.11.1\checker-qual-2.11.1.jar;C:\Users\ECK\.m2\repository\com\google\errorprone\error_prone_annotations\2.3.4\error_prone_annotations-2.3.4.jar;C:\Users\ECK\.m2\repository\com\google\j2objc\j2objc-annotations\1.3\j2objc-annotations-1.3.jar;C:\Users\ECK\.m2\repository\io\grpc\grpc-netty-shaded\1.33.0\grpc-netty-shaded-1.33.0.jar;C:\Users\ECK\.m2\repository\io\grpc\grpc-core\1.33.0\grpc-core-1.33.0.jar;C:\Users\ECK\.m2\repository\com\google\android\annotations\4.1.1.4\annotations-4.1.1.4.jar;C:\Users\ECK\.m2\repository\io\perfmark\perfmark-api\0.19.0\perfmark-api-0.19.0.jar;C:\Users\ECK\.m2\repository\io\grpc\grpc-protobuf\1.33.0\grpc-protobuf-1.33.0.jar;C:\Users\ECK\.m2\repository\io\grpc\grpc-api\1.33.0\grpc-api-1.33.0.jar;C:\Users\ECK\.m2\repository\io\grpc\grpc-context\1.33.0\grpc-context-1.33.0.jar;C:\Users\ECK\.m2\repository\com\google\api\grpc\proto-google-common-protos\1.17.0\proto-google-common-protos-1.17.0.jar;C:\Users\ECK\.m2\repository\io\grpc\grpc-protobuf-lite\1.33.0\grpc-protobuf-lite-1.33.0.jar;C:\Users\ECK\.m2\repository\org\codehaus\mojo\animal-sniffer-annotations\1.18\animal-sniffer-annotations-1.18.jar;C:\Users\ECK\.m2\repository\io\grpc\grpc-stub\1.33.0\grpc-stub-1.33.0.jar;C:\Users\ECK\.m2\repository\javax\annotation\javax.annotation-api\1.3.2\javax.annotation-api-1.3.2.jar;C:\Users\ECK\.m2\repository\org\assertj\assertj-core\3.10.0\assertj-core-3.10.0.jar;C:\Users\ECK\.m2\repository\org\seleniumhq\selenium\selenium-java\3.141.59\selenium-java-3.141.59.jar;C:\Users\ECK\.m2\repository\org\seleniumhq\selenium\selenium-api\3.141.59\selenium-api-3.141.59.jar;C:\Users\ECK\.m2\repository\org\seleniumhq\selenium\selenium-chrome-driver\3.141.59\selenium-chrome-driver-3.141.59.jar;C:\Users\ECK\.m2\repository\org\seleniumhq\selenium\selenium-edge-driver\3.141.59\selenium-edge-driver-3.141.59.jar;C:\Users\ECK\.m2\repository\org\seleniumhq\selenium\selenium-firefox-driver\3.141.59\selenium-firefox-driver-3.141.59.jar;C:\Users\ECK\.m2\repository\org\seleniumhq\selenium\selenium-ie-driver\3.141.59\selenium-ie-driver-3.141.59.jar;C:\Users\ECK\.m2\repository\org\seleniumhq\selenium\selenium-opera-driver\3.141.59\selenium-opera-driver-3.141.59.jar;C:\Users\ECK\.m2\repository\org\seleniumhq\selenium\selenium-remote-driver\3.141.59\selenium-remote-driver-3.141.59.jar;C:\Users\ECK\.m2\repository\org\seleniumhq\selenium\selenium-safari-driver\3.141.59\selenium-safari-driver-3.141.59.jar;C:\Users\ECK\.m2\repository\org\seleniumhq\selenium\selenium-support\3.141.59\selenium-support-3.141.59.jar;C:\Users\ECK\.m2\repository\net\bytebuddy\byte-buddy\1.8.15\byte-buddy-1.8.15.jar;C:\Users\ECK\.m2\repository\org\apache\commons\commons-exec\1.3\commons-exec-1.3.jar;C:\Users\ECK\.m2\repository\com\squareup\okhttp3\okhttp\3.11.0\okhttp-3.11.0.jar;C:\Users\ECK\.m2\repository\com\squareup\okio\okio\1.14.0\okio-1.14.0.jar;C:\Users\ECK\.m2\repository\io\github\bonigarcia\webdrivermanager\4.2.0\webdrivermanager-4.2.0.jar;C:\Users\ECK\.m2\repository\org\slf4j\slf4j-api\1.7.30\slf4j-api-1.7.30.jar;C:\Users\ECK\.m2\repository\com\google\code\gson\gson\2.8.6\gson-2.8.6.jar;C:\Users\ECK\.m2\repository\org\apache\commons\commons-lang3\3.11\commons-lang3-3.11.jar;C:\Users\ECK\.m2\repository\org\apache\httpcomponents\client5\httpclient5\5.0.1\httpclient5-5.0.1.jar;C:\Users\ECK\.m2\repository\org\apache\httpcomponents\core5\httpcore5\5.0.1\httpcore5-5.0.1.jar;C:\Users\ECK\.m2\repository\org\apache\httpcomponents\core5\httpcore5-h2\5.0.1\httpcore5-h2-5.0.1.jar;C:\Users\ECK\.m2\repository\commons-codec\commons-codec\1.13\commons-codec-1.13.jar;C:\Users\ECK\.m2\repository\org\rauschig\jarchivelib\1.0.0\jarchivelib-1.0.0.jar;C:\Users\ECK\.m2\repository\org\apache\commons\commons-compress\1.18\commons-compress-1.18.jar;C:\Users\ECK\.m2\repository\org\jsoup\jsoup\1.13.1\jsoup-1.13.1.jar;C:\Users\ECK\.m2\repository\org\reflections\reflections\0.9.10\reflections-0.9.10.jar;C:\Users\ECK\.m2\repository\org\javassist\javassist\3.19.0-GA\javassist-3.19.0-GA.jar;C:\Users\ECK\.m2\repository\com\google\code\findbugs\annotations\2.0.1\annotations-2.0.1.jar;C:\Users\ECK\.m2\repository\junit\junit\4.12\junit-4.12.jar;C:\Users\ECK\.m2\repository\org\hamcrest\hamcrest-core\1.3\hamcrest-core-1.3.jar
04-05-2022 01:50:02.250 [java] [DEBUG] found java executable in C:\Program Files\Java\jdk-18.0.1\bin\java.exe
04-05-2022 01:50:02.251 [java] [DEBUG] running - C:\Program Files\Java\jdk-18.0.1\bin\java.exe [-Dfile.encoding=UTF-8 com.thoughtworks.gauge.GaugeRuntime --start]
04-05-2022 01:50:02.251 [java] [DEBUG] stdout/stderr is logged to logs\18516-java.exe.out
04-05-2022 01:50:02.438 [java] [DEBUG] multithreading is set to false
04-05-2022 01:50:02.802 [java] [DEBUG] Using reflection to scan dependencies for gauge implementations...
04-05-2022 01:50:02.875 [java] [ERROR] SLF4J: Failed to load class "org.slf4j.impl.StaticLoggerBinder".
04-05-2022 01:50:02.875 [java] [ERROR] SLF4J: Defaulting to no-operation (NOP) logger implementation
04-05-2022 01:50:02.875 [java] [ERROR] SLF4J: See http://www.slf4j.org/codes.html#StaticLoggerBinder for further details.
04-05-2022 01:50:03.577 [java] [DEBUG] gauge-java took 1119milliseconds to load and scan. This should be less than 'runner_connection_timeout' config value.
04-05-2022 01:50:03.577 [java] [DEBUG] run 'gauge config runner_connection_timeout' and verify that it is < 1119
04-05-2022 01:50:03.577 [java] [DEBUG] starting gRPC server...
04-05-2022 01:50:04.005 [java] [DEBUG] started gRPC server on port 55952
04-05-2022 01:50:04.007 [Gauge] [DEBUG] Attempting to connect to grpc server at port: 55952
04-05-2022 01:50:04.233 [Gauge] [DEBUG] Successfully made the connection with runner with port: 55952
04-05-2022 01:50:04.233 [Gauge] [DEBUG] Validation started.
04-05-2022 01:50:05.369 [java] [DEBUG] Scanning packages for steps
04-05-2022 01:50:05.387 [java] [DEBUG] Comparing 'org.example.StepImplementation.ensureInstallationInstructionsAreAvailable' and 'org.example.StepImplementation.ensureInstallationInstructionsAreAvailable'
04-05-2022 01:50:05.387 [java] [DEBUG] Found Ensure installation instructions are available in current project scope.
04-05-2022 01:50:05.387 [java] [DEBUG] Comparing 'org.example.StepImplementation.gotoGetStartedPage' and 'org.example.StepImplementation.gotoGetStartedPage'
04-05-2022 01:50:05.387 [java] [DEBUG] Found Go to Gauge Get Started Page in current project scope.
04-05-2022 01:50:05.387 [java] [DEBUG] Comparing 'Tests.HomeTest.userVisitSite' and 'Tests.HomeTest.userVisitSite'
04-05-2022 01:50:05.387 [java] [DEBUG] Found Kullanï¿½cï¿½ {} sitesini ziyaret eder in current project scope.
04-05-2022 01:50:05.388 [java] [DEBUG] Comparing 'org.example.StepImplementation.implementation1' and 'org.example.StepImplementation.implementation1'
04-05-2022 01:50:05.388 [java] [DEBUG] Found Open the Gauge homepage in current project scope.
04-05-2022 01:50:05.388 [java] [DEBUG] Scanning packages for hooks
04-05-2022 01:50:05.396 [java] [DEBUG] Scanned steps (using static parsing + reflections): 
04-05-2022 01:50:05.396 [java] [DEBUG] 	Open the Gauge homepage : public void implementation1()
04-05-2022 01:50:05.396 [java] [DEBUG] 	Go to Gauge Get Started Page : public void gotoGetStartedPage() throws InterruptedException
04-05-2022 01:50:05.396 [java] [DEBUG] 	Kullanï¿½cï¿½ {} sitesini ziyaret eder : public void userVisitSite(String key)
04-05-2022 01:50:05.396 [java] [DEBUG] 	Ensure installation instructions are available : public void ensureInstallationInstructionsAreAvailable() throws InterruptedException
04-05-2022 01:50:06.445 [Gauge] [ERROR] [ValidationError] C:\Users\ECK\Desktop\test\ReadyTestECK\HepsiburadaUiCaseEmailTest\untitled\specs\example.spec:12 Step implementation not found => 'KullanÄ±cÄ± "GiriÅŸ Yap" tabÄ±na gider.'
04-05-2022 01:50:06.445 [Gauge] [ERROR] [ValidationError] C:\Users\ECK\Desktop\test\ReadyTestECK\HepsiburadaUiCaseEmailTest\untitled\specs\example.spec:13 Step implementation not found => 'KullanÄ±cÄ± GiriÅŸ Yap'a tÄ±klar.'
04-05-2022 01:50:06.445 [Gauge] [ERROR] [ValidationError] C:\Users\ECK\Desktop\test\ReadyTestECK\HepsiburadaUiCaseEmailTest\untitled\specs\example.spec:14 Step implementation not found => 'Email alanÄ±na "eecktestautomation@gmail.com" yazÄ±lÄ±r.'
04-05-2022 01:50:06.445 [Gauge] [ERROR] [ValidationError] C:\Users\ECK\Desktop\test\ReadyTestECK\HepsiburadaUiCaseEmailTest\untitled\specs\example.spec:15 Step implementation not found => 'KullanÄ±cÄ± E-Mail yazdÄ±ktan sonra GiriÅŸ Yap'a tÄ±klar.'
04-05-2022 01:50:06.445 [Gauge] [ERROR] [ValidationError] C:\Users\ECK\Desktop\test\ReadyTestECK\HepsiburadaUiCaseEmailTest\untitled\specs\example.spec:16 Step implementation not found => 'KullanÄ±cÄ± "E-Mail HatalÄ±" yazÄ±sÄ± aldÄ±ÄŸÄ±nÄ± gÃ¶rÃ¼r.'
04-05-2022 01:50:06.445 [Gauge] [DEBUG] Run started
04-05-2022 01:50:06.446 [Gauge] [DEBUG] Starting Html Report plugin
04-05-2022 01:50:06.467 [Gauge] [DEBUG] Attempting to connect to grpc server at port: 55956
04-05-2022 01:50:06.468 [Gauge] [DEBUG] Successfully made the connection with plugin with port: 55956
04-05-2022 01:50:06.468 [Gauge] [DEBUG] Initialising suite data store.
04-05-2022 01:50:07.620 [java] [ERROR] Starting ChromeDriver 100.0.4896.60 (6a5d10861ce8de5fce22564658033b43cb7de047-refs/branch-heads/4896@{#875}) on port 35206
04-05-2022 01:50:07.620 [java] [ERROR] Only local connections are allowed.
04-05-2022 01:50:07.620 [java] [ERROR] Please see https://chromedriver.chromium.org/security-considerations for suggestions on keeping ChromeDriver safe.
04-05-2022 01:50:07.625 [java] [ERROR] ChromeDriver was started successfully.
04-05-2022 01:50:09.317 [java] [ERROR] May 04, 2022 1:50:09 ÖÖ org.openqa.selenium.remote.ProtocolHandshake createSession
04-05-2022 01:50:09.317 [java] [ERROR] INFO: Detected dialect: W3C
04-05-2022 01:50:09.889 [html-report] [DEBUG] Transformed SuiteResult to report structure
04-05-2022 01:50:10.011 [html-report] [INFO] Successfully generated html-report to => C:\Users\ECK\Desktop\test\ReadyTestECK\HepsiburadaUiCaseEmailTest\untitled\reports\html-report\index.html
04-05-2022 01:50:10.011 [html-report] [DEBUG] Done generating HTML report using theme from C:\Users\ECK\AppData\Roaming\gauge\plugins\html-report\4.1.4\themes\default
04-05-2022 01:50:10.011 [Gauge] [DEBUG] Sending kill message to Html Report plugin.
04-05-2022 01:50:10.737 [Gauge] [DEBUG] Runner with PID:18516 has exited
04-05-2022 01:50:10.811 [Gauge] [INFO] Specifications:	0 executed	0 passed	0 failed	1 skipped
04-05-2022 01:50:10.811 [Gauge] [INFO] Scenarios:	0 executed	0 passed	0 failed	1 skipped
04-05-2022 01:50:10.811 [Gauge] [INFO] 
Total time taken: 3.442s
04-05-2022 01:50:51.493 [Gauge] [DEBUG] Created gauge_screenshots_dir at C:\Users\ECK\Desktop\test\ReadyTestECK\HepsiburadaUiCaseEmailTest\untitled\.gauge\screenshots
04-05-2022 01:50:51.495 [Gauge] [DEBUG] Plugin html-report is already installed.
04-05-2022 01:50:51.496 [Gauge] [DEBUG] Plugin java is already installed.
04-05-2022 01:50:51.497 [Gauge] [DEBUG] Parsing started.
04-05-2022 01:50:51.497 [Gauge] [DEBUG] Started concepts parsing.
04-05-2022 01:50:51.504 [Gauge] [DEBUG] 0 concepts parsing completed.
04-05-2022 01:50:51.505 [Gauge] [DEBUG] Started specifications parsing.
04-05-2022 01:50:51.505 [Gauge] [DEBUG] 1 specifications parsing completed.
04-05-2022 01:50:51.505 [Gauge] [DEBUG] Parsing completed.
04-05-2022 01:50:51.529 [java] [DEBUG] ***** Printing Properties/Env Values *****
04-05-2022 01:50:51.530 [java] [DEBUG] PATH: C:\Program Files\Common Files\Oracle\Java\javapath;C:\Program Files (x86)\Common Files\Oracle\Java\javapath;C:\Windows\system32;C:\Windows;C:\Windows\System32\Wbem;C:\Windows\System32\WindowsPowerShell\v1.0\;C:\Windows\System32\OpenSSH\;C:\Program Files\Gauge\bin;C:\Program Files\Java\jdk-18.0.1\bin;C:\Program Files\Apache\maven\apache-maven-3.8.5\bin;C:\Program Files\Git\cmd;C:\Users\ECK\AppData\Local\Microsoft\WindowsApps;;C:\Users\ECK\AppData\Roaming\gauge\plugins\screenshot\0.1.0
04-05-2022 01:50:51.530 [java] [DEBUG] JAVA_HOME: C:\Program Files\Java\jdk-18.0.1
04-05-2022 01:50:51.530 [java] [DEBUG] gauge_project_root: C:\Users\ECK\Desktop\test\ReadyTestECK\HepsiburadaUiCaseEmailTest\untitled
04-05-2022 01:50:51.530 [java] [DEBUG] gauge_parallel_streams_count: 4
04-05-2022 01:50:51.530 [java] [DEBUG] gauge_reports_dir: reports
04-05-2022 01:50:51.530 [java] [DEBUG] overwrite_reports: true
04-05-2022 01:50:51.530 [java] [DEBUG] logs_directory: logs
04-05-2022 01:50:51.530 [java] [DEBUG] enable_multithreading: false
04-05-2022 01:50:51.530 [java] [DEBUG] gauge_specs_dir: specs
04-05-2022 01:50:51.530 [java] [DEBUG] csv_delimiter: ,
04-05-2022 01:50:51.530 [java] [DEBUG] gauge_java_home: 
04-05-2022 01:50:51.530 [java] [DEBUG] gauge_custom_build_path: 
04-05-2022 01:50:51.530 [java] [DEBUG] gauge_additional_libs: libs/*
04-05-2022 01:50:51.530 [java] [DEBUG] gauge_jvm_args: 
04-05-2022 01:50:51.530 [java] [DEBUG] gauge_custom_compile_dir: 
04-05-2022 01:50:51.530 [java] [DEBUG] gauge_clear_state_level: scenario
04-05-2022 01:50:51.530 [java] [DEBUG] ***** END *****
04-05-2022 01:50:51.758 [Gauge] [DEBUG] Checking updates...
04-05-2022 01:50:51.771 [Gauge] [DEBUG] Downloading https://downloads.gauge.org/plugin/html-report?l=java&p=html-report,java,screenshot,spectacle,xml-report&o=windows&a=amd64
04-05-2022 01:50:52.181 [Gauge] [DEBUG] Downloading https://downloads.gauge.org/plugin/java?l=java&p=html-report,java,screenshot,spectacle,xml-report&o=windows&a=amd64
04-05-2022 01:50:52.263 [Gauge] [DEBUG] Downloading https://downloads.gauge.org/plugin/screenshot?l=java&p=html-report,java,screenshot,spectacle,xml-report&o=windows&a=amd64
04-05-2022 01:50:52.347 [Gauge] [DEBUG] Downloading https://downloads.gauge.org/plugin/spectacle?l=java&p=html-report,java,screenshot,spectacle,xml-report&o=windows&a=amd64
04-05-2022 01:50:52.432 [Gauge] [DEBUG] Downloading https://downloads.gauge.org/plugin/xml-report?l=java&p=html-report,java,screenshot,spectacle,xml-report&o=windows&a=amd64
04-05-2022 01:50:56.854 [java] [ERROR] Installed version of gauge-java (0.8.1) does not match with dependency gauge-java (0.7.13) specified in pom.xml file
04-05-2022 01:50:56.854 [java] [DEBUG] classpath set to C:\Users\ECK\.jdks\openjdk-18.0.1!\java.base;C:\Users\ECK\.jdks\openjdk-18.0.1!\java.compiler;C:\Users\ECK\.jdks\openjdk-18.0.1!\java.datatransfer;C:\Users\ECK\.jdks\openjdk-18.0.1!\java.desktop;C:\Users\ECK\.jdks\openjdk-18.0.1!\java.instrument;C:\Users\ECK\.jdks\openjdk-18.0.1!\java.logging;C:\Users\ECK\.jdks\openjdk-18.0.1!\java.management;C:\Users\ECK\.jdks\openjdk-18.0.1!\java.management.rmi;C:\Users\ECK\.jdks\openjdk-18.0.1!\java.naming;C:\Users\ECK\.jdks\openjdk-18.0.1!\java.net.http;C:\Users\ECK\.jdks\openjdk-18.0.1!\java.prefs;C:\Users\ECK\.jdks\openjdk-18.0.1!\java.rmi;C:\Users\ECK\.jdks\openjdk-18.0.1!\java.scripting;C:\Users\ECK\.jdks\openjdk-18.0.1!\java.se;C:\Users\ECK\.jdks\openjdk-18.0.1!\java.security.jgss;C:\Users\ECK\.jdks\openjdk-18.0.1!\java.security.sasl;C:\Users\ECK\.jdks\openjdk-18.0.1!\java.smartcardio;C:\Users\ECK\.jdks\openjdk-18.0.1!\java.sql;C:\Users\ECK\.jdks\openjdk-18.0.1!\java.sql.rowset;C:\Users\ECK\.jdks\openjdk-18.0.1!\java.transaction.xa;C:\Users\ECK\.jdks\openjdk-18.0.1!\java.xml;C:\Users\ECK\.jdks\openjdk-18.0.1!\java.xml.crypto;C:\Users\ECK\.jdks\openjdk-18.0.1!\jdk.accessibility;C:\Users\ECK\.jdks\openjdk-18.0.1!\jdk.attach;C:\Users\ECK\.jdks\openjdk-18.0.1!\jdk.charsets;C:\Users\ECK\.jdks\openjdk-18.0.1!\jdk.compiler;C:\Users\ECK\.jdks\openjdk-18.0.1!\jdk.crypto.cryptoki;C:\Users\ECK\.jdks\openjdk-18.0.1!\jdk.crypto.ec;C:\Users\ECK\.jdks\openjdk-18.0.1!\jdk.crypto.mscapi;C:\Users\ECK\.jdks\openjdk-18.0.1!\jdk.dynalink;C:\Users\ECK\.jdks\openjdk-18.0.1!\jdk.editpad;C:\Users\ECK\.jdks\openjdk-18.0.1!\jdk.hotspot.agent;C:\Users\ECK\.jdks\openjdk-18.0.1!\jdk.httpserver;C:\Users\ECK\.jdks\openjdk-18.0.1!\jdk.incubator.foreign;C:\Users\ECK\.jdks\openjdk-18.0.1!\jdk.incubator.vector;C:\Users\ECK\.jdks\openjdk-18.0.1!\jdk.internal.ed;C:\Users\ECK\.jdks\openjdk-18.0.1!\jdk.internal.jvmstat;C:\Users\ECK\.jdks\openjdk-18.0.1!\jdk.internal.le;C:\Users\ECK\.jdks\openjdk-18.0.1!\jdk.internal.opt;C:\Users\ECK\.jdks\openjdk-18.0.1!\jdk.internal.vm.ci;C:\Users\ECK\.jdks\openjdk-18.0.1!\jdk.internal.vm.compiler;C:\Users\ECK\.jdks\openjdk-18.0.1!\jdk.internal.vm.compiler.management;C:\Users\ECK\.jdks\openjdk-18.0.1!\jdk.jartool;C:\Users\ECK\.jdks\openjdk-18.0.1!\jdk.javadoc;C:\Users\ECK\.jdks\openjdk-18.0.1!\jdk.jcmd;C:\Users\ECK\.jdks\openjdk-18.0.1!\jdk.jconsole;C:\Users\ECK\.jdks\openjdk-18.0.1!\jdk.jdeps;C:\Users\ECK\.jdks\openjdk-18.0.1!\jdk.jdi;C:\Users\ECK\.jdks\openjdk-18.0.1!\jdk.jdwp.agent;C:\Users\ECK\.jdks\openjdk-18.0.1!\jdk.jfr;C:\Users\ECK\.jdks\openjdk-18.0.1!\jdk.jlink;C:\Users\ECK\.jdks\openjdk-18.0.1!\jdk.jpackage;C:\Users\ECK\.jdks\openjdk-18.0.1!\jdk.jshell;C:\Users\ECK\.jdks\openjdk-18.0.1!\jdk.jsobject;C:\Users\ECK\.jdks\openjdk-18.0.1!\jdk.jstatd;C:\Users\ECK\.jdks\openjdk-18.0.1!\jdk.localedata;C:\Users\ECK\.jdks\openjdk-18.0.1!\jdk.management;C:\Users\ECK\.jdks\openjdk-18.0.1!\jdk.management.agent;C:\Users\ECK\.jdks\openjdk-18.0.1!\jdk.management.jfr;C:\Users\ECK\.jdks\openjdk-18.0.1!\jdk.naming.dns;C:\Users\ECK\.jdks\openjdk-18.0.1!\jdk.naming.rmi;C:\Users\ECK\.jdks\openjdk-18.0.1!\jdk.net;C:\Users\ECK\.jdks\openjdk-18.0.1!\jdk.nio.mapmode;C:\Users\ECK\.jdks\openjdk-18.0.1!\jdk.random;C:\Users\ECK\.jdks\openjdk-18.0.1!\jdk.sctp;C:\Users\ECK\.jdks\openjdk-18.0.1!\jdk.security.auth;C:\Users\ECK\.jdks\openjdk-18.0.1!\jdk.security.jgss;C:\Users\ECK\.jdks\openjdk-18.0.1!\jdk.unsupported;C:\Users\ECK\.jdks\openjdk-18.0.1!\jdk.unsupported.desktop;C:\Users\ECK\.jdks\openjdk-18.0.1!\jdk.xml.dom;C:\Users\ECK\.jdks\openjdk-18.0.1!\jdk.zipfs;C:\Users\ECK\Desktop\test\ReadyTestECK\HepsiburadaUiCaseEmailTest\untitled\target\test-classes;C:\Users\ECK\.m2\repository\com\thoughtworks\gauge\gauge-java\0.7.13\gauge-java-0.7.13.jar;C:\Users\ECK\.m2\repository\com\github\javaparser\javaparser-core\3.16.2\javaparser-core-3.16.2.jar;C:\Users\ECK\.m2\repository\commons-io\commons-io\2.8.0\commons-io-2.8.0.jar;C:\Users\ECK\.m2\repository\commons-lang\commons-lang\2.6\commons-lang-2.6.jar;C:\Users\ECK\.m2\repository\org\json\json\20200518\json-20200518.jar;C:\Users\ECK\.m2\repository\com\google\protobuf\protobuf-java\3.13.0\protobuf-java-3.13.0.jar;C:\Users\ECK\.m2\repository\com\google\guava\guava\29.0-jre\guava-29.0-jre.jar;C:\Users\ECK\.m2\repository\com\google\guava\failureaccess\1.0.1\failureaccess-1.0.1.jar;C:\Users\ECK\.m2\repository\com\google\guava\listenablefuture\9999.0-empty-to-avoid-conflict-with-guava\listenablefuture-9999.0-empty-to-avoid-conflict-with-guava.jar;C:\Users\ECK\.m2\repository\com\google\code\findbugs\jsr305\3.0.2\jsr305-3.0.2.jar;C:\Users\ECK\.m2\repository\org\checkerframework\checker-qual\2.11.1\checker-qual-2.11.1.jar;C:\Users\ECK\.m2\repository\com\google\errorprone\error_prone_annotations\2.3.4\error_prone_annotations-2.3.4.jar;C:\Users\ECK\.m2\repository\com\google\j2objc\j2objc-annotations\1.3\j2objc-annotations-1.3.jar;C:\Users\ECK\.m2\repository\io\grpc\grpc-netty-shaded\1.33.0\grpc-netty-shaded-1.33.0.jar;C:\Users\ECK\.m2\repository\io\grpc\grpc-core\1.33.0\grpc-core-1.33.0.jar;C:\Users\ECK\.m2\repository\com\google\android\annotations\4.1.1.4\annotations-4.1.1.4.jar;C:\Users\ECK\.m2\repository\io\perfmark\perfmark-api\0.19.0\perfmark-api-0.19.0.jar;C:\Users\ECK\.m2\repository\io\grpc\grpc-protobuf\1.33.0\grpc-protobuf-1.33.0.jar;C:\Users\ECK\.m2\repository\io\grpc\grpc-api\1.33.0\grpc-api-1.33.0.jar;C:\Users\ECK\.m2\repository\io\grpc\grpc-context\1.33.0\grpc-context-1.33.0.jar;C:\Users\ECK\.m2\repository\com\google\api\grpc\proto-google-common-protos\1.17.0\proto-google-common-protos-1.17.0.jar;C:\Users\ECK\.m2\repository\io\grpc\grpc-protobuf-lite\1.33.0\grpc-protobuf-lite-1.33.0.jar;C:\Users\ECK\.m2\repository\org\codehaus\mojo\animal-sniffer-annotations\1.18\animal-sniffer-annotations-1.18.jar;C:\Users\ECK\.m2\repository\io\grpc\grpc-stub\1.33.0\grpc-stub-1.33.0.jar;C:\Users\ECK\.m2\repository\javax\annotation\javax.annotation-api\1.3.2\javax.annotation-api-1.3.2.jar;C:\Users\ECK\.m2\repository\org\assertj\assertj-core\3.10.0\assertj-core-3.10.0.jar;C:\Users\ECK\.m2\repository\org\seleniumhq\selenium\selenium-java\3.141.59\selenium-java-3.141.59.jar;C:\Users\ECK\.m2\repository\org\seleniumhq\selenium\selenium-api\3.141.59\selenium-api-3.141.59.jar;C:\Users\ECK\.m2\repository\org\seleniumhq\selenium\selenium-chrome-driver\3.141.59\selenium-chrome-driver-3.141.59.jar;C:\Users\ECK\.m2\repository\org\seleniumhq\selenium\selenium-edge-driver\3.141.59\selenium-edge-driver-3.141.59.jar;C:\Users\ECK\.m2\repository\org\seleniumhq\selenium\selenium-firefox-driver\3.141.59\selenium-firefox-driver-3.141.59.jar;C:\Users\ECK\.m2\repository\org\seleniumhq\selenium\selenium-ie-driver\3.141.59\selenium-ie-driver-3.141.59.jar;C:\Users\ECK\.m2\repository\org\seleniumhq\selenium\selenium-opera-driver\3.141.59\selenium-opera-driver-3.141.59.jar;C:\Users\ECK\.m2\repository\org\seleniumhq\selenium\selenium-remote-driver\3.141.59\selenium-remote-driver-3.141.59.jar;C:\Users\ECK\.m2\repository\org\seleniumhq\selenium\selenium-safari-driver\3.141.59\selenium-safari-driver-3.141.59.jar;C:\Users\ECK\.m2\repository\org\seleniumhq\selenium\selenium-support\3.141.59\selenium-support-3.141.59.jar;C:\Users\ECK\.m2\repository\net\bytebuddy\byte-buddy\1.8.15\byte-buddy-1.8.15.jar;C:\Users\ECK\.m2\repository\org\apache\commons\commons-exec\1.3\commons-exec-1.3.jar;C:\Users\ECK\.m2\repository\com\squareup\okhttp3\okhttp\3.11.0\okhttp-3.11.0.jar;C:\Users\ECK\.m2\repository\com\squareup\okio\okio\1.14.0\okio-1.14.0.jar;C:\Users\ECK\.m2\repository\io\github\bonigarcia\webdrivermanager\4.2.0\webdrivermanager-4.2.0.jar;C:\Users\ECK\.m2\repository\org\slf4j\slf4j-api\1.7.30\slf4j-api-1.7.30.jar;C:\Users\ECK\.m2\repository\com\google\code\gson\gson\2.8.6\gson-2.8.6.jar;C:\Users\ECK\.m2\repository\org\apache\commons\commons-lang3\3.11\commons-lang3-3.11.jar;C:\Users\ECK\.m2\repository\org\apache\httpcomponents\client5\httpclient5\5.0.1\httpclient5-5.0.1.jar;C:\Users\ECK\.m2\repository\org\apache\httpcomponents\core5\httpcore5\5.0.1\httpcore5-5.0.1.jar;C:\Users\ECK\.m2\repository\org\apache\httpcomponents\core5\httpcore5-h2\5.0.1\httpcore5-h2-5.0.1.jar;C:\Users\ECK\.m2\repository\commons-codec\commons-codec\1.13\commons-codec-1.13.jar;C:\Users\ECK\.m2\repository\org\rauschig\jarchivelib\1.0.0\jarchivelib-1.0.0.jar;C:\Users\ECK\.m2\repository\org\apache\commons\commons-compress\1.18\commons-compress-1.18.jar;C:\Users\ECK\.m2\repository\org\jsoup\jsoup\1.13.1\jsoup-1.13.1.jar;C:\Users\ECK\.m2\repository\org\reflections\reflections\0.9.10\reflections-0.9.10.jar;C:\Users\ECK\.m2\repository\org\javassist\javassist\3.19.0-GA\javassist-3.19.0-GA.jar;C:\Users\ECK\.m2\repository\com\google\code\findbugs\annotations\2.0.1\annotations-2.0.1.jar;C:\Users\ECK\.m2\repository\junit\junit\4.12\junit-4.12.jar;C:\Users\ECK\.m2\repository\org\hamcrest\hamcrest-core\1.3\hamcrest-core-1.3.jar
04-05-2022 01:50:56.886 [java] [DEBUG] found java executable in C:\Program Files\Java\jdk-18.0.1\bin\java.exe
04-05-2022 01:50:56.886 [java] [DEBUG] running - C:\Program Files\Java\jdk-18.0.1\bin\java.exe [-Dfile.encoding=UTF-8 com.thoughtworks.gauge.GaugeRuntime --start]
04-05-2022 01:50:56.886 [java] [DEBUG] stdout/stderr is logged to logs\4756-java.exe.out
04-05-2022 01:50:57.069 [java] [DEBUG] multithreading is set to false
04-05-2022 01:50:57.413 [java] [DEBUG] Using reflection to scan dependencies for gauge implementations...
04-05-2022 01:50:57.483 [java] [ERROR] SLF4J: Failed to load class "org.slf4j.impl.StaticLoggerBinder".
04-05-2022 01:50:57.483 [java] [ERROR] SLF4J: Defaulting to no-operation (NOP) logger implementation
04-05-2022 01:50:57.483 [java] [ERROR] SLF4J: See http://www.slf4j.org/codes.html#StaticLoggerBinder for further details.
04-05-2022 01:50:57.864 [java] [DEBUG] gauge-java took 785milliseconds to load and scan. This should be less than 'runner_connection_timeout' config value.
04-05-2022 01:50:57.869 [java] [DEBUG] run 'gauge config runner_connection_timeout' and verify that it is < 785
04-05-2022 01:50:57.869 [java] [DEBUG] starting gRPC server...
04-05-2022 01:50:58.025 [java] [DEBUG] started gRPC server on port 55992
04-05-2022 01:50:58.025 [Gauge] [DEBUG] Attempting to connect to grpc server at port: 55992
04-05-2022 01:50:58.153 [Gauge] [DEBUG] Successfully made the connection with runner with port: 55992
04-05-2022 01:50:58.153 [Gauge] [DEBUG] Validation started.
04-05-2022 01:50:58.954 [java] [DEBUG] Scanning packages for steps
04-05-2022 01:50:58.967 [java] [DEBUG] Comparing 'org.example.StepImplementation.ensureInstallationInstructionsAreAvailable' and 'org.example.StepImplementation.ensureInstallationInstructionsAreAvailable'
04-05-2022 01:50:58.967 [java] [DEBUG] Found Ensure installation instructions are available in current project scope.
04-05-2022 01:50:58.967 [java] [DEBUG] Comparing 'org.example.StepImplementation.gotoGetStartedPage' and 'org.example.StepImplementation.gotoGetStartedPage'
04-05-2022 01:50:58.967 [java] [DEBUG] Found Go to Gauge Get Started Page in current project scope.
04-05-2022 01:50:58.967 [java] [DEBUG] Comparing 'Tests.HomeTest.userVisitSite' and 'Tests.HomeTest.userVisitSite'
04-05-2022 01:50:58.967 [java] [DEBUG] Found Kullanï¿½cï¿½ {} sitesini ziyaret eder in current project scope.
04-05-2022 01:50:58.968 [java] [DEBUG] Comparing 'org.example.StepImplementation.implementation1' and 'org.example.StepImplementation.implementation1'
04-05-2022 01:50:58.968 [java] [DEBUG] Found Open the Gauge homepage in current project scope.
04-05-2022 01:50:58.968 [java] [DEBUG] Scanning packages for hooks
04-05-2022 01:50:58.975 [java] [DEBUG] Scanned steps (using static parsing + reflections): 
04-05-2022 01:50:58.976 [java] [DEBUG] 	Open the Gauge homepage : public void implementation1()
04-05-2022 01:50:58.976 [java] [DEBUG] 	Go to Gauge Get Started Page : public void gotoGetStartedPage() throws InterruptedException
04-05-2022 01:50:58.976 [java] [DEBUG] 	Kullanï¿½cï¿½ {} sitesini ziyaret eder : public void userVisitSite(String key)
04-05-2022 01:50:58.976 [java] [DEBUG] 	Ensure installation instructions are available : public void ensureInstallationInstructionsAreAvailable() throws InterruptedException
04-05-2022 01:50:59.988 [Gauge] [ERROR] [ValidationError] C:\Users\ECK\Desktop\test\ReadyTestECK\HepsiburadaUiCaseEmailTest\untitled\specs\example.spec:12 Step implementation not found => 'KullanÄ±cÄ± "GiriÅŸ Yap" tabÄ±na gider.'
04-05-2022 01:50:59.988 [Gauge] [ERROR] [ValidationError] C:\Users\ECK\Desktop\test\ReadyTestECK\HepsiburadaUiCaseEmailTest\untitled\specs\example.spec:13 Step implementation not found => 'KullanÄ±cÄ± GiriÅŸ Yap'a tÄ±klar.'
04-05-2022 01:50:59.988 [Gauge] [ERROR] [ValidationError] C:\Users\ECK\Desktop\test\ReadyTestECK\HepsiburadaUiCaseEmailTest\untitled\specs\example.spec:14 Step implementation not found => 'Email alanÄ±na "eecktestautomation@gmail.com" yazÄ±lÄ±r.'
04-05-2022 01:50:59.988 [Gauge] [ERROR] [ValidationError] C:\Users\ECK\Desktop\test\ReadyTestECK\HepsiburadaUiCaseEmailTest\untitled\specs\example.spec:15 Step implementation not found => 'KullanÄ±cÄ± E-Mail yazdÄ±ktan sonra GiriÅŸ Yap'a tÄ±klar.'
04-05-2022 01:50:59.988 [Gauge] [ERROR] [ValidationError] C:\Users\ECK\Desktop\test\ReadyTestECK\HepsiburadaUiCaseEmailTest\untitled\specs\example.spec:16 Step implementation not found => 'KullanÄ±cÄ± "E-Mail HatalÄ±" yazÄ±sÄ± aldÄ±ÄŸÄ±nÄ± gÃ¶rÃ¼r.'
04-05-2022 01:50:59.988 [Gauge] [DEBUG] Run started
04-05-2022 01:50:59.989 [Gauge] [DEBUG] Starting Html Report plugin
04-05-2022 01:51:00.016 [Gauge] [DEBUG] Attempting to connect to grpc server at port: 55995
04-05-2022 01:51:00.018 [Gauge] [DEBUG] Successfully made the connection with plugin with port: 55995
04-05-2022 01:51:00.018 [Gauge] [DEBUG] Initialising suite data store.
04-05-2022 01:51:00.699 [java] [ERROR] Starting ChromeDriver 100.0.4896.60 (6a5d10861ce8de5fce22564658033b43cb7de047-refs/branch-heads/4896@{#875}) on port 48558
04-05-2022 01:51:00.699 [java] [ERROR] Only local connections are allowed.
04-05-2022 01:51:00.699 [java] [ERROR] Please see https://chromedriver.chromium.org/security-considerations for suggestions on keeping ChromeDriver safe.
04-05-2022 01:51:00.704 [java] [ERROR] ChromeDriver was started successfully.
04-05-2022 01:51:01.632 [java] [ERROR] May 04, 2022 1:51:01 ÖÖ org.openqa.selenium.remote.ProtocolHandshake createSession
04-05-2022 01:51:01.632 [java] [ERROR] INFO: Detected dialect: W3C
04-05-2022 01:51:02.000 [html-report] [DEBUG] Transformed SuiteResult to report structure
04-05-2022 01:51:02.022 [html-report] [INFO] Successfully generated html-report to => C:\Users\ECK\Desktop\test\ReadyTestECK\HepsiburadaUiCaseEmailTest\untitled\reports\html-report\index.html
04-05-2022 01:51:02.022 [html-report] [DEBUG] Done generating HTML report using theme from C:\Users\ECK\AppData\Roaming\gauge\plugins\html-report\4.1.4\themes\default
04-05-2022 01:51:02.022 [Gauge] [DEBUG] Sending kill message to Html Report plugin.
04-05-2022 01:51:02.880 [Gauge] [DEBUG] Runner with PID:4756 has exited
04-05-2022 01:51:02.880 [Gauge] [INFO] Specifications:	0 executed	0 passed	0 failed	1 skipped
04-05-2022 01:51:02.880 [Gauge] [INFO] Scenarios:	0 executed	0 passed	0 failed	1 skipped
04-05-2022 01:51:02.880 [Gauge] [INFO] 
Total time taken: 2.011s
04-05-2022 01:51:25.276 [Gauge] [DEBUG] Attempting to connect to grpc server at port: 56015
04-05-2022 01:51:25.279 [Gauge] [DEBUG] Successfully made the connection with plugin with port: 56015
04-05-2022 01:51:25.284 [Gauge] [INFO] Initializing concepts cache with 0 concepts
04-05-2022 01:51:25.284 [Gauge] [INFO] Initializing specs cache with 1 specs
04-05-2022 01:51:25.284 [Gauge] [DEBUG] Adding specs from C:\Users\ECK\Desktop\test\ReadyTestECK\HepsiburadaUiCaseEmailTest\untitled\specs\example.spec
04-05-2022 01:51:25.284 [Gauge] [INFO] Initializing steps cache with 1 steps
04-05-2022 01:51:25.285 [Gauge] [ERROR] Unable to add directory C:\Users\ECK\Desktop\test\ReadyTestECK\HepsiburadaUiCaseEmailTest\untitled\C:\Users\ECK\Desktop\test\ReadyTestECK\HepsiburadaUiCaseEmailTest\untitled\specs\example.spec to file watcher: GetFileAttributes: Dosya adÄ±, dizin adÄ± veya birim etiketi sÃ¶zdizimi hatalÄ±.
04-05-2022 01:51:25.291 [spectacle] [INFO] Succesfully converted specs to html => C:\Users\ECK\AppData\Local\Temp\untitled\docs\html\index.html
04-05-2022 02:02:08.104 [Gauge] [DEBUG] Created gauge_screenshots_dir at C:\Users\ECK\Desktop\test\ReadyTestECK\HepsiburadaUiCaseEmailTest\untitled\.gauge\screenshots
04-05-2022 02:02:08.106 [Gauge] [DEBUG] Plugin java is already installed.
04-05-2022 02:02:08.107 [Gauge] [DEBUG] Plugin html-report is already installed.
04-05-2022 02:02:08.107 [Gauge] [DEBUG] Parsing started.
04-05-2022 02:02:08.107 [Gauge] [DEBUG] Started concepts parsing.
04-05-2022 02:02:08.113 [Gauge] [DEBUG] 0 concepts parsing completed.
04-05-2022 02:02:08.114 [Gauge] [DEBUG] Started specifications parsing.
04-05-2022 02:02:08.114 [Gauge] [DEBUG] 1 specifications parsing completed.
04-05-2022 02:02:08.114 [Gauge] [DEBUG] Parsing completed.
04-05-2022 02:02:08.133 [java] [DEBUG] ***** Printing Properties/Env Values *****
04-05-2022 02:02:08.134 [java] [DEBUG] PATH: C:\Program Files\Common Files\Oracle\Java\javapath;C:\Program Files (x86)\Common Files\Oracle\Java\javapath;C:\Windows\system32;C:\Windows;C:\Windows\System32\Wbem;C:\Windows\System32\WindowsPowerShell\v1.0\;C:\Windows\System32\OpenSSH\;C:\Program Files\Gauge\bin;C:\Program Files\Java\jdk-18.0.1\bin;C:\Program Files\Apache\maven\apache-maven-3.8.5\bin;C:\Program Files\Git\cmd;C:\Users\ECK\AppData\Local\Microsoft\WindowsApps;;C:\Users\ECK\AppData\Roaming\gauge\plugins\screenshot\0.1.0
04-05-2022 02:02:08.134 [java] [DEBUG] JAVA_HOME: C:\Program Files\Java\jdk-18.0.1
04-05-2022 02:02:08.134 [java] [DEBUG] gauge_project_root: C:\Users\ECK\Desktop\test\ReadyTestECK\HepsiburadaUiCaseEmailTest\untitled
04-05-2022 02:02:08.134 [java] [DEBUG] gauge_parallel_streams_count: 4
04-05-2022 02:02:08.134 [java] [DEBUG] gauge_reports_dir: reports
04-05-2022 02:02:08.134 [java] [DEBUG] overwrite_reports: true
04-05-2022 02:02:08.134 [java] [DEBUG] logs_directory: logs
04-05-2022 02:02:08.134 [java] [DEBUG] enable_multithreading: false
04-05-2022 02:02:08.134 [java] [DEBUG] gauge_specs_dir: specs
04-05-2022 02:02:08.134 [java] [DEBUG] csv_delimiter: ,
04-05-2022 02:02:08.134 [java] [DEBUG] gauge_java_home: 
04-05-2022 02:02:08.134 [java] [DEBUG] gauge_custom_build_path: 
04-05-2022 02:02:08.134 [java] [DEBUG] gauge_additional_libs: libs/*
04-05-2022 02:02:08.134 [java] [DEBUG] gauge_jvm_args: 
04-05-2022 02:02:08.134 [java] [DEBUG] gauge_custom_compile_dir: 
04-05-2022 02:02:08.134 [java] [DEBUG] gauge_clear_state_level: scenario
04-05-2022 02:02:08.134 [java] [DEBUG] ***** END *****
04-05-2022 02:02:08.379 [Gauge] [DEBUG] Checking updates...
04-05-2022 02:02:08.390 [Gauge] [DEBUG] Downloading https://downloads.gauge.org/plugin/html-report?l=java&p=html-report,java,screenshot,spectacle,xml-report&o=windows&a=amd64
04-05-2022 02:02:08.613 [Gauge] [DEBUG] Downloading https://downloads.gauge.org/plugin/java?l=java&p=html-report,java,screenshot,spectacle,xml-report&o=windows&a=amd64
04-05-2022 02:02:08.687 [Gauge] [DEBUG] Downloading https://downloads.gauge.org/plugin/screenshot?l=java&p=html-report,java,screenshot,spectacle,xml-report&o=windows&a=amd64
04-05-2022 02:02:08.751 [Gauge] [DEBUG] Downloading https://downloads.gauge.org/plugin/spectacle?l=java&p=html-report,java,screenshot,spectacle,xml-report&o=windows&a=amd64
04-05-2022 02:02:08.818 [Gauge] [DEBUG] Downloading https://downloads.gauge.org/plugin/xml-report?l=java&p=html-report,java,screenshot,spectacle,xml-report&o=windows&a=amd64
04-05-2022 02:02:11.215 [java] [ERROR] Installed version of gauge-java (0.8.1) does not match with dependency gauge-java (0.7.13) specified in pom.xml file
04-05-2022 02:02:11.216 [java] [DEBUG] classpath set to C:\Users\ECK\.jdks\openjdk-18.0.1!\java.base;C:\Users\ECK\.jdks\openjdk-18.0.1!\java.compiler;C:\Users\ECK\.jdks\openjdk-18.0.1!\java.datatransfer;C:\Users\ECK\.jdks\openjdk-18.0.1!\java.desktop;C:\Users\ECK\.jdks\openjdk-18.0.1!\java.instrument;C:\Users\ECK\.jdks\openjdk-18.0.1!\java.logging;C:\Users\ECK\.jdks\openjdk-18.0.1!\java.management;C:\Users\ECK\.jdks\openjdk-18.0.1!\java.management.rmi;C:\Users\ECK\.jdks\openjdk-18.0.1!\java.naming;C:\Users\ECK\.jdks\openjdk-18.0.1!\java.net.http;C:\Users\ECK\.jdks\openjdk-18.0.1!\java.prefs;C:\Users\ECK\.jdks\openjdk-18.0.1!\java.rmi;C:\Users\ECK\.jdks\openjdk-18.0.1!\java.scripting;C:\Users\ECK\.jdks\openjdk-18.0.1!\java.se;C:\Users\ECK\.jdks\openjdk-18.0.1!\java.security.jgss;C:\Users\ECK\.jdks\openjdk-18.0.1!\java.security.sasl;C:\Users\ECK\.jdks\openjdk-18.0.1!\java.smartcardio;C:\Users\ECK\.jdks\openjdk-18.0.1!\java.sql;C:\Users\ECK\.jdks\openjdk-18.0.1!\java.sql.rowset;C:\Users\ECK\.jdks\openjdk-18.0.1!\java.transaction.xa;C:\Users\ECK\.jdks\openjdk-18.0.1!\java.xml;C:\Users\ECK\.jdks\openjdk-18.0.1!\java.xml.crypto;C:\Users\ECK\.jdks\openjdk-18.0.1!\jdk.accessibility;C:\Users\ECK\.jdks\openjdk-18.0.1!\jdk.attach;C:\Users\ECK\.jdks\openjdk-18.0.1!\jdk.charsets;C:\Users\ECK\.jdks\openjdk-18.0.1!\jdk.compiler;C:\Users\ECK\.jdks\openjdk-18.0.1!\jdk.crypto.cryptoki;C:\Users\ECK\.jdks\openjdk-18.0.1!\jdk.crypto.ec;C:\Users\ECK\.jdks\openjdk-18.0.1!\jdk.crypto.mscapi;C:\Users\ECK\.jdks\openjdk-18.0.1!\jdk.dynalink;C:\Users\ECK\.jdks\openjdk-18.0.1!\jdk.editpad;C:\Users\ECK\.jdks\openjdk-18.0.1!\jdk.hotspot.agent;C:\Users\ECK\.jdks\openjdk-18.0.1!\jdk.httpserver;C:\Users\ECK\.jdks\openjdk-18.0.1!\jdk.incubator.foreign;C:\Users\ECK\.jdks\openjdk-18.0.1!\jdk.incubator.vector;C:\Users\ECK\.jdks\openjdk-18.0.1!\jdk.internal.ed;C:\Users\ECK\.jdks\openjdk-18.0.1!\jdk.internal.jvmstat;C:\Users\ECK\.jdks\openjdk-18.0.1!\jdk.internal.le;C:\Users\ECK\.jdks\openjdk-18.0.1!\jdk.internal.opt;C:\Users\ECK\.jdks\openjdk-18.0.1!\jdk.internal.vm.ci;C:\Users\ECK\.jdks\openjdk-18.0.1!\jdk.internal.vm.compiler;C:\Users\ECK\.jdks\openjdk-18.0.1!\jdk.internal.vm.compiler.management;C:\Users\ECK\.jdks\openjdk-18.0.1!\jdk.jartool;C:\Users\ECK\.jdks\openjdk-18.0.1!\jdk.javadoc;C:\Users\ECK\.jdks\openjdk-18.0.1!\jdk.jcmd;C:\Users\ECK\.jdks\openjdk-18.0.1!\jdk.jconsole;C:\Users\ECK\.jdks\openjdk-18.0.1!\jdk.jdeps;C:\Users\ECK\.jdks\openjdk-18.0.1!\jdk.jdi;C:\Users\ECK\.jdks\openjdk-18.0.1!\jdk.jdwp.agent;C:\Users\ECK\.jdks\openjdk-18.0.1!\jdk.jfr;C:\Users\ECK\.jdks\openjdk-18.0.1!\jdk.jlink;C:\Users\ECK\.jdks\openjdk-18.0.1!\jdk.jpackage;C:\Users\ECK\.jdks\openjdk-18.0.1!\jdk.jshell;C:\Users\ECK\.jdks\openjdk-18.0.1!\jdk.jsobject;C:\Users\ECK\.jdks\openjdk-18.0.1!\jdk.jstatd;C:\Users\ECK\.jdks\openjdk-18.0.1!\jdk.localedata;C:\Users\ECK\.jdks\openjdk-18.0.1!\jdk.management;C:\Users\ECK\.jdks\openjdk-18.0.1!\jdk.management.agent;C:\Users\ECK\.jdks\openjdk-18.0.1!\jdk.management.jfr;C:\Users\ECK\.jdks\openjdk-18.0.1!\jdk.naming.dns;C:\Users\ECK\.jdks\openjdk-18.0.1!\jdk.naming.rmi;C:\Users\ECK\.jdks\openjdk-18.0.1!\jdk.net;C:\Users\ECK\.jdks\openjdk-18.0.1!\jdk.nio.mapmode;C:\Users\ECK\.jdks\openjdk-18.0.1!\jdk.random;C:\Users\ECK\.jdks\openjdk-18.0.1!\jdk.sctp;C:\Users\ECK\.jdks\openjdk-18.0.1!\jdk.security.auth;C:\Users\ECK\.jdks\openjdk-18.0.1!\jdk.security.jgss;C:\Users\ECK\.jdks\openjdk-18.0.1!\jdk.unsupported;C:\Users\ECK\.jdks\openjdk-18.0.1!\jdk.unsupported.desktop;C:\Users\ECK\.jdks\openjdk-18.0.1!\jdk.xml.dom;C:\Users\ECK\.jdks\openjdk-18.0.1!\jdk.zipfs;C:\Users\ECK\Desktop\test\ReadyTestECK\HepsiburadaUiCaseEmailTest\untitled\target\test-classes;C:\Users\ECK\.m2\repository\com\thoughtworks\gauge\gauge-java\0.7.13\gauge-java-0.7.13.jar;C:\Users\ECK\.m2\repository\com\github\javaparser\javaparser-core\3.16.2\javaparser-core-3.16.2.jar;C:\Users\ECK\.m2\repository\commons-io\commons-io\2.8.0\commons-io-2.8.0.jar;C:\Users\ECK\.m2\repository\commons-lang\commons-lang\2.6\commons-lang-2.6.jar;C:\Users\ECK\.m2\repository\org\json\json\20200518\json-20200518.jar;C:\Users\ECK\.m2\repository\com\google\protobuf\protobuf-java\3.13.0\protobuf-java-3.13.0.jar;C:\Users\ECK\.m2\repository\com\google\guava\guava\29.0-jre\guava-29.0-jre.jar;C:\Users\ECK\.m2\repository\com\google\guava\failureaccess\1.0.1\failureaccess-1.0.1.jar;C:\Users\ECK\.m2\repository\com\google\guava\listenablefuture\9999.0-empty-to-avoid-conflict-with-guava\listenablefuture-9999.0-empty-to-avoid-conflict-with-guava.jar;C:\Users\ECK\.m2\repository\com\google\code\findbugs\jsr305\3.0.2\jsr305-3.0.2.jar;C:\Users\ECK\.m2\repository\org\checkerframework\checker-qual\2.11.1\checker-qual-2.11.1.jar;C:\Users\ECK\.m2\repository\com\google\errorprone\error_prone_annotations\2.3.4\error_prone_annotations-2.3.4.jar;C:\Users\ECK\.m2\repository\com\google\j2objc\j2objc-annotations\1.3\j2objc-annotations-1.3.jar;C:\Users\ECK\.m2\repository\io\grpc\grpc-netty-shaded\1.33.0\grpc-netty-shaded-1.33.0.jar;C:\Users\ECK\.m2\repository\io\grpc\grpc-core\1.33.0\grpc-core-1.33.0.jar;C:\Users\ECK\.m2\repository\com\google\android\annotations\4.1.1.4\annotations-4.1.1.4.jar;C:\Users\ECK\.m2\repository\io\perfmark\perfmark-api\0.19.0\perfmark-api-0.19.0.jar;C:\Users\ECK\.m2\repository\io\grpc\grpc-protobuf\1.33.0\grpc-protobuf-1.33.0.jar;C:\Users\ECK\.m2\repository\io\grpc\grpc-api\1.33.0\grpc-api-1.33.0.jar;C:\Users\ECK\.m2\repository\io\grpc\grpc-context\1.33.0\grpc-context-1.33.0.jar;C:\Users\ECK\.m2\repository\com\google\api\grpc\proto-google-common-protos\1.17.0\proto-google-common-protos-1.17.0.jar;C:\Users\ECK\.m2\repository\io\grpc\grpc-protobuf-lite\1.33.0\grpc-protobuf-lite-1.33.0.jar;C:\Users\ECK\.m2\repository\org\codehaus\mojo\animal-sniffer-annotations\1.18\animal-sniffer-annotations-1.18.jar;C:\Users\ECK\.m2\repository\io\grpc\grpc-stub\1.33.0\grpc-stub-1.33.0.jar;C:\Users\ECK\.m2\repository\javax\annotation\javax.annotation-api\1.3.2\javax.annotation-api-1.3.2.jar;C:\Users\ECK\.m2\repository\org\assertj\assertj-core\3.10.0\assertj-core-3.10.0.jar;C:\Users\ECK\.m2\repository\org\seleniumhq\selenium\selenium-java\3.141.59\selenium-java-3.141.59.jar;C:\Users\ECK\.m2\repository\org\seleniumhq\selenium\selenium-api\3.141.59\selenium-api-3.141.59.jar;C:\Users\ECK\.m2\repository\org\seleniumhq\selenium\selenium-chrome-driver\3.141.59\selenium-chrome-driver-3.141.59.jar;C:\Users\ECK\.m2\repository\org\seleniumhq\selenium\selenium-edge-driver\3.141.59\selenium-edge-driver-3.141.59.jar;C:\Users\ECK\.m2\repository\org\seleniumhq\selenium\selenium-firefox-driver\3.141.59\selenium-firefox-driver-3.141.59.jar;C:\Users\ECK\.m2\repository\org\seleniumhq\selenium\selenium-ie-driver\3.141.59\selenium-ie-driver-3.141.59.jar;C:\Users\ECK\.m2\repository\org\seleniumhq\selenium\selenium-opera-driver\3.141.59\selenium-opera-driver-3.141.59.jar;C:\Users\ECK\.m2\repository\org\seleniumhq\selenium\selenium-remote-driver\3.141.59\selenium-remote-driver-3.141.59.jar;C:\Users\ECK\.m2\repository\org\seleniumhq\selenium\selenium-safari-driver\3.141.59\selenium-safari-driver-3.141.59.jar;C:\Users\ECK\.m2\repository\org\seleniumhq\selenium\selenium-support\3.141.59\selenium-support-3.141.59.jar;C:\Users\ECK\.m2\repository\net\bytebuddy\byte-buddy\1.8.15\byte-buddy-1.8.15.jar;C:\Users\ECK\.m2\repository\org\apache\commons\commons-exec\1.3\commons-exec-1.3.jar;C:\Users\ECK\.m2\repository\com\squareup\okhttp3\okhttp\3.11.0\okhttp-3.11.0.jar;C:\Users\ECK\.m2\repository\com\squareup\okio\okio\1.14.0\okio-1.14.0.jar;C:\Users\ECK\.m2\repository\io\github\bonigarcia\webdrivermanager\4.2.0\webdrivermanager-4.2.0.jar;C:\Users\ECK\.m2\repository\org\slf4j\slf4j-api\1.7.30\slf4j-api-1.7.30.jar;C:\Users\ECK\.m2\repository\com\google\code\gson\gson\2.8.6\gson-2.8.6.jar;C:\Users\ECK\.m2\repository\org\apache\commons\commons-lang3\3.11\commons-lang3-3.11.jar;C:\Users\ECK\.m2\repository\org\apache\httpcomponents\client5\httpclient5\5.0.1\httpclient5-5.0.1.jar;C:\Users\ECK\.m2\repository\org\apache\httpcomponents\core5\httpcore5\5.0.1\httpcore5-5.0.1.jar;C:\Users\ECK\.m2\repository\org\apache\httpcomponents\core5\httpcore5-h2\5.0.1\httpcore5-h2-5.0.1.jar;C:\Users\ECK\.m2\repository\commons-codec\commons-codec\1.13\commons-codec-1.13.jar;C:\Users\ECK\.m2\repository\org\rauschig\jarchivelib\1.0.0\jarchivelib-1.0.0.jar;C:\Users\ECK\.m2\repository\org\apache\commons\commons-compress\1.18\commons-compress-1.18.jar;C:\Users\ECK\.m2\repository\org\jsoup\jsoup\1.13.1\jsoup-1.13.1.jar;C:\Users\ECK\.m2\repository\org\reflections\reflections\0.9.10\reflections-0.9.10.jar;C:\Users\ECK\.m2\repository\org\javassist\javassist\3.19.0-GA\javassist-3.19.0-GA.jar;C:\Users\ECK\.m2\repository\com\google\code\findbugs\annotations\2.0.1\annotations-2.0.1.jar;C:\Users\ECK\.m2\repository\junit\junit\4.12\junit-4.12.jar;C:\Users\ECK\.m2\repository\org\hamcrest\hamcrest-core\1.3\hamcrest-core-1.3.jar
04-05-2022 02:02:11.248 [java] [DEBUG] found java executable in C:\Program Files\Java\jdk-18.0.1\bin\java.exe
04-05-2022 02:02:11.248 [java] [DEBUG] running - C:\Program Files\Java\jdk-18.0.1\bin\java.exe [-Dfile.encoding=UTF-8 com.thoughtworks.gauge.GaugeRuntime --start]
04-05-2022 02:02:11.248 [java] [DEBUG] stdout/stderr is logged to logs\14980-java.exe.out
04-05-2022 02:02:11.424 [java] [DEBUG] multithreading is set to false
04-05-2022 02:02:11.777 [java] [DEBUG] Using reflection to scan dependencies for gauge implementations...
04-05-2022 02:02:11.873 [java] [ERROR] SLF4J: Failed to load class "org.slf4j.impl.StaticLoggerBinder".
04-05-2022 02:02:11.873 [java] [ERROR] SLF4J: Defaulting to no-operation (NOP) logger implementation
04-05-2022 02:02:11.873 [java] [ERROR] SLF4J: See http://www.slf4j.org/codes.html#StaticLoggerBinder for further details.
04-05-2022 02:02:12.251 [java] [DEBUG] gauge-java took 816milliseconds to load and scan. This should be less than 'runner_connection_timeout' config value.
04-05-2022 02:02:12.251 [java] [DEBUG] run 'gauge config runner_connection_timeout' and verify that it is < 816
04-05-2022 02:02:12.251 [java] [DEBUG] starting gRPC server...
04-05-2022 02:02:12.399 [java] [DEBUG] started gRPC server on port 56098
04-05-2022 02:02:12.399 [Gauge] [DEBUG] Attempting to connect to grpc server at port: 56098
04-05-2022 02:02:12.549 [Gauge] [DEBUG] Successfully made the connection with runner with port: 56098
04-05-2022 02:02:12.549 [Gauge] [DEBUG] Validation started.
04-05-2022 02:02:13.375 [java] [DEBUG] Scanning packages for steps
04-05-2022 02:02:13.389 [java] [DEBUG] Comparing 'Tests.LoginTest.clickSubmit' and 'Tests.LoginTest.clickSubmit'
04-05-2022 02:02:13.389 [java] [DEBUG] Found Kullanï¿½cï¿½ E-Mail yazdï¿½ktan sonra Giriï¿½ Yap'a tï¿½klar. in current project scope.
04-05-2022 02:02:13.389 [java] [DEBUG] Comparing 'Tests.HomeTest.clickLogin' and 'Tests.HomeTest.clickLogin'
04-05-2022 02:02:13.389 [java] [DEBUG] Found Kullanï¿½cï¿½ {} tabï¿½na gider. in current project scope.
04-05-2022 02:02:13.392 [java] [DEBUG] Comparing 'Tests.LoginTest.checkErrorMessage' and 'Tests.LoginTest.checkErrorMessage'
04-05-2022 02:02:13.393 [java] [DEBUG] Found Kullanï¿½cï¿½ {} yazï¿½sï¿½ aldï¿½ï¿½ï¿½nï¿½ gï¿½rï¿½r. in current project scope.
04-05-2022 02:02:13.396 [java] [DEBUG] Comparing 'org.example.StepImplementation.ensureInstallationInstructionsAreAvailable' and 'org.example.StepImplementation.ensureInstallationInstructionsAreAvailable'
04-05-2022 02:02:13.397 [java] [DEBUG] Found Ensure installation instructions are available in current project scope.
04-05-2022 02:02:13.397 [java] [DEBUG] Comparing 'Tests.HomeTest.clickLogin2' and 'Tests.HomeTest.clickLogin2'
04-05-2022 02:02:13.397 [java] [DEBUG] Found Kullanï¿½cï¿½ Giriï¿½ Yap'a tï¿½klar. in current project scope.
04-05-2022 02:02:13.397 [java] [DEBUG] Comparing 'Tests.LoginTest.setEmail' and 'Tests.LoginTest.setEmail'
04-05-2022 02:02:13.397 [java] [DEBUG] Found Email alanï¿½na {} yazï¿½lï¿½r. in current project scope.
04-05-2022 02:02:13.397 [java] [DEBUG] Comparing 'org.example.StepImplementation.gotoGetStartedPage' and 'org.example.StepImplementation.gotoGetStartedPage'
04-05-2022 02:02:13.397 [java] [DEBUG] Found Go to Gauge Get Started Page in current project scope.
04-05-2022 02:02:13.397 [java] [DEBUG] Comparing 'Tests.HomeTest.userVisitSite' and 'Tests.HomeTest.userVisitSite'
04-05-2022 02:02:13.397 [java] [DEBUG] Found Kullanï¿½cï¿½ {} sitesini ziyaret eder in current project scope.
04-05-2022 02:02:13.397 [java] [DEBUG] Comparing 'org.example.StepImplementation.implementation1' and 'org.example.StepImplementation.implementation1'
04-05-2022 02:02:13.397 [java] [DEBUG] Found Open the Gauge homepage in current project scope.
04-05-2022 02:02:13.397 [java] [DEBUG] Scanning packages for hooks
04-05-2022 02:02:13.400 [java] [DEBUG] Scanned steps (using static parsing + reflections): 
04-05-2022 02:02:13.400 [java] [DEBUG] 	Kullanï¿½cï¿½ Giriï¿½ Yap'a tï¿½klar. : public void clickLogin2()
04-05-2022 02:02:13.400 [java] [DEBUG] 	Open the Gauge homepage : public void implementation1()
04-05-2022 02:02:13.400 [java] [DEBUG] 	Go to Gauge Get Started Page : public void gotoGetStartedPage() throws InterruptedException
04-05-2022 02:02:13.402 [java] [DEBUG] 	Kullanï¿½cï¿½ {} sitesini ziyaret eder : public void userVisitSite(String key)
04-05-2022 02:02:13.402 [java] [DEBUG] 	Kullanï¿½cï¿½ {} tabï¿½na gider. : public void clickLogin(String xxx)
04-05-2022 02:02:13.402 [java] [DEBUG] 	Kullanï¿½cï¿½ {} yazï¿½sï¿½ aldï¿½ï¿½ï¿½nï¿½ gï¿½rï¿½r. : public void checkErrorMessage(String type)
04-05-2022 02:02:13.402 [java] [DEBUG] 	Email alanï¿½na {} yazï¿½lï¿½r. : public void setEmail(String email)
04-05-2022 02:02:13.402 [java] [DEBUG] 	Ensure installation instructions are available : public void ensureInstallationInstructionsAreAvailable() throws InterruptedException
04-05-2022 02:02:13.402 [java] [DEBUG] 	Kullanï¿½cï¿½ E-Mail yazdï¿½ktan sonra Giriï¿½ Yap'a tï¿½klar. : public void clickSubmit()
04-05-2022 02:02:14.413 [Gauge] [DEBUG] Validation completed.
04-05-2022 02:02:14.413 [Gauge] [DEBUG] Run started
04-05-2022 02:02:14.415 [Gauge] [DEBUG] Starting Html Report plugin
04-05-2022 02:02:14.431 [Gauge] [DEBUG] Attempting to connect to grpc server at port: 56101
04-05-2022 02:02:14.432 [Gauge] [DEBUG] Successfully made the connection with plugin with port: 56101
04-05-2022 02:02:14.432 [Gauge] [DEBUG] Initialising suite data store.
04-05-2022 02:02:15.079 [java] [ERROR] Starting ChromeDriver 100.0.4896.60 (6a5d10861ce8de5fce22564658033b43cb7de047-refs/branch-heads/4896@{#875}) on port 20197
04-05-2022 02:02:15.079 [java] [ERROR] Only local connections are allowed.
04-05-2022 02:02:15.079 [java] [ERROR] Please see https://chromedriver.chromium.org/security-considerations for suggestions on keeping ChromeDriver safe.
04-05-2022 02:02:15.084 [java] [ERROR] ChromeDriver was started successfully.
04-05-2022 02:02:16.109 [java] [ERROR] May 04, 2022 2:02:16 ÖÖ org.openqa.selenium.remote.ProtocolHandshake createSession
04-05-2022 02:02:16.109 [java] [ERROR] INFO: Detected dialect: W3C
04-05-2022 02:02:16.335 [java] [DEBUG] Executing 'Open the Gauge homepage' using 'class org.example.StepImplementation.implementation1
04-05-2022 02:02:18.124 [java] [DEBUG] Executing 'Kullanï¿½cï¿½ {} sitesini ziyaret eder' using 'class Tests.HomeTest.userVisitSite
04-05-2022 02:02:21.981 [java] [DEBUG] Executing 'Kullanï¿½cï¿½ {} tabï¿½na gider.' using 'class Tests.HomeTest.clickLogin
04-05-2022 02:02:22.817 [java] [DEBUG] Executing 'Kullanï¿½cï¿½ Giriï¿½ Yap'a tï¿½klar.' using 'class Tests.HomeTest.clickLogin2
04-05-2022 02:02:24.103 [java] [DEBUG] Executing 'Email alanï¿½na {} yazï¿½lï¿½r.' using 'class Tests.LoginTest.setEmail
04-05-2022 02:02:27.063 [java] [DEBUG] Executing 'Kullanï¿½cï¿½ E-Mail yazdï¿½ktan sonra Giriï¿½ Yap'a tï¿½klar.' using 'class Tests.LoginTest.clickSubmit
04-05-2022 02:02:28.250 [java] [DEBUG] Executing 'Kullanï¿½cï¿½ {} yazï¿½sï¿½ aldï¿½ï¿½ï¿½nï¿½ gï¿½rï¿½r.' using 'class Tests.LoginTest.checkErrorMessage
04-05-2022 02:02:29.078 [html-report] [DEBUG] Transformed SuiteResult to report structure
04-05-2022 02:02:29.102 [html-report] [INFO] Successfully generated html-report to => C:\Users\ECK\Desktop\test\ReadyTestECK\HepsiburadaUiCaseEmailTest\untitled\reports\html-report\index.html
04-05-2022 02:02:29.103 [html-report] [DEBUG] Done generating HTML report using theme from C:\Users\ECK\AppData\Roaming\gauge\plugins\html-report\4.1.4\themes\default
04-05-2022 02:02:29.103 [Gauge] [DEBUG] Sending kill message to Html Report plugin.
04-05-2022 02:02:29.763 [Gauge] [DEBUG] Runner with PID:14980 has exited
04-05-2022 02:02:29.763 [Gauge] [INFO] Specifications:	1 executed	1 passed	0 failed	0 skipped
04-05-2022 02:02:29.763 [Gauge] [INFO] Scenarios:	1 executed	1 passed	0 failed	0 skipped
04-05-2022 02:02:29.763 [Gauge] [INFO] 
Total time taken: 14.663s
04-05-2022 02:02:40.303 [Gauge] [DEBUG] Created gauge_screenshots_dir at C:\Users\ECK\Desktop\test\ReadyTestECK\HepsiburadaUiCaseEmailTest\untitled\.gauge\screenshots
04-05-2022 02:02:40.304 [Gauge] [DEBUG] Plugin java is already installed.
04-05-2022 02:02:40.305 [Gauge] [DEBUG] Plugin html-report is already installed.
04-05-2022 02:02:40.305 [Gauge] [DEBUG] Parsing started.
04-05-2022 02:02:40.305 [Gauge] [DEBUG] Started concepts parsing.
04-05-2022 02:02:40.310 [Gauge] [DEBUG] 0 concepts parsing completed.
04-05-2022 02:02:40.311 [Gauge] [DEBUG] Started specifications parsing.
04-05-2022 02:02:40.311 [Gauge] [DEBUG] 1 specifications parsing completed.
04-05-2022 02:02:40.311 [Gauge] [DEBUG] Parsing completed.
04-05-2022 02:02:40.333 [java] [DEBUG] ***** Printing Properties/Env Values *****
04-05-2022 02:02:40.333 [java] [DEBUG] PATH: C:\Program Files\Common Files\Oracle\Java\javapath;C:\Program Files (x86)\Common Files\Oracle\Java\javapath;C:\Windows\system32;C:\Windows;C:\Windows\System32\Wbem;C:\Windows\System32\WindowsPowerShell\v1.0\;C:\Windows\System32\OpenSSH\;C:\Program Files\Gauge\bin;C:\Program Files\Java\jdk-18.0.1\bin;C:\Program Files\Apache\maven\apache-maven-3.8.5\bin;C:\Program Files\Git\cmd;C:\Users\ECK\AppData\Local\Microsoft\WindowsApps;;C:\Users\ECK\AppData\Roaming\gauge\plugins\screenshot\0.1.0
04-05-2022 02:02:40.333 [java] [DEBUG] JAVA_HOME: C:\Program Files\Java\jdk-18.0.1
04-05-2022 02:02:40.333 [java] [DEBUG] gauge_project_root: C:\Users\ECK\Desktop\test\ReadyTestECK\HepsiburadaUiCaseEmailTest\untitled
04-05-2022 02:02:40.333 [java] [DEBUG] gauge_parallel_streams_count: 4
04-05-2022 02:02:40.333 [java] [DEBUG] gauge_reports_dir: reports
04-05-2022 02:02:40.333 [java] [DEBUG] overwrite_reports: true
04-05-2022 02:02:40.333 [java] [DEBUG] logs_directory: logs
04-05-2022 02:02:40.333 [java] [DEBUG] enable_multithreading: false
04-05-2022 02:02:40.333 [java] [DEBUG] gauge_specs_dir: specs
04-05-2022 02:02:40.333 [java] [DEBUG] csv_delimiter: ,
04-05-2022 02:02:40.333 [java] [DEBUG] gauge_java_home: 
04-05-2022 02:02:40.333 [java] [DEBUG] gauge_custom_build_path: 
04-05-2022 02:02:40.333 [java] [DEBUG] gauge_additional_libs: libs/*
04-05-2022 02:02:40.333 [java] [DEBUG] gauge_jvm_args: 
04-05-2022 02:02:40.333 [java] [DEBUG] gauge_custom_compile_dir: 
04-05-2022 02:02:40.333 [java] [DEBUG] gauge_clear_state_level: scenario
04-05-2022 02:02:40.333 [java] [DEBUG] ***** END *****
04-05-2022 02:02:40.568 [Gauge] [DEBUG] Checking updates...
04-05-2022 02:02:40.571 [Gauge] [DEBUG] Downloading https://downloads.gauge.org/plugin/html-report?l=java&p=html-report,java,screenshot,spectacle,xml-report&o=windows&a=amd64
04-05-2022 02:02:40.885 [Gauge] [DEBUG] Downloading https://downloads.gauge.org/plugin/java?l=java&p=html-report,java,screenshot,spectacle,xml-report&o=windows&a=amd64
04-05-2022 02:02:40.959 [Gauge] [DEBUG] Downloading https://downloads.gauge.org/plugin/screenshot?l=java&p=html-report,java,screenshot,spectacle,xml-report&o=windows&a=amd64
04-05-2022 02:02:41.033 [Gauge] [DEBUG] Downloading https://downloads.gauge.org/plugin/spectacle?l=java&p=html-report,java,screenshot,spectacle,xml-report&o=windows&a=amd64
04-05-2022 02:02:41.114 [Gauge] [DEBUG] Downloading https://downloads.gauge.org/plugin/xml-report?l=java&p=html-report,java,screenshot,spectacle,xml-report&o=windows&a=amd64
04-05-2022 02:02:43.376 [java] [ERROR] Installed version of gauge-java (0.8.1) does not match with dependency gauge-java (0.7.13) specified in pom.xml file
04-05-2022 02:02:43.376 [java] [DEBUG] classpath set to C:\Users\ECK\.jdks\openjdk-18.0.1!\java.base;C:\Users\ECK\.jdks\openjdk-18.0.1!\java.compiler;C:\Users\ECK\.jdks\openjdk-18.0.1!\java.datatransfer;C:\Users\ECK\.jdks\openjdk-18.0.1!\java.desktop;C:\Users\ECK\.jdks\openjdk-18.0.1!\java.instrument;C:\Users\ECK\.jdks\openjdk-18.0.1!\java.logging;C:\Users\ECK\.jdks\openjdk-18.0.1!\java.management;C:\Users\ECK\.jdks\openjdk-18.0.1!\java.management.rmi;C:\Users\ECK\.jdks\openjdk-18.0.1!\java.naming;C:\Users\ECK\.jdks\openjdk-18.0.1!\java.net.http;C:\Users\ECK\.jdks\openjdk-18.0.1!\java.prefs;C:\Users\ECK\.jdks\openjdk-18.0.1!\java.rmi;C:\Users\ECK\.jdks\openjdk-18.0.1!\java.scripting;C:\Users\ECK\.jdks\openjdk-18.0.1!\java.se;C:\Users\ECK\.jdks\openjdk-18.0.1!\java.security.jgss;C:\Users\ECK\.jdks\openjdk-18.0.1!\java.security.sasl;C:\Users\ECK\.jdks\openjdk-18.0.1!\java.smartcardio;C:\Users\ECK\.jdks\openjdk-18.0.1!\java.sql;C:\Users\ECK\.jdks\openjdk-18.0.1!\java.sql.rowset;C:\Users\ECK\.jdks\openjdk-18.0.1!\java.transaction.xa;C:\Users\ECK\.jdks\openjdk-18.0.1!\java.xml;C:\Users\ECK\.jdks\openjdk-18.0.1!\java.xml.crypto;C:\Users\ECK\.jdks\openjdk-18.0.1!\jdk.accessibility;C:\Users\ECK\.jdks\openjdk-18.0.1!\jdk.attach;C:\Users\ECK\.jdks\openjdk-18.0.1!\jdk.charsets;C:\Users\ECK\.jdks\openjdk-18.0.1!\jdk.compiler;C:\Users\ECK\.jdks\openjdk-18.0.1!\jdk.crypto.cryptoki;C:\Users\ECK\.jdks\openjdk-18.0.1!\jdk.crypto.ec;C:\Users\ECK\.jdks\openjdk-18.0.1!\jdk.crypto.mscapi;C:\Users\ECK\.jdks\openjdk-18.0.1!\jdk.dynalink;C:\Users\ECK\.jdks\openjdk-18.0.1!\jdk.editpad;C:\Users\ECK\.jdks\openjdk-18.0.1!\jdk.hotspot.agent;C:\Users\ECK\.jdks\openjdk-18.0.1!\jdk.httpserver;C:\Users\ECK\.jdks\openjdk-18.0.1!\jdk.incubator.foreign;C:\Users\ECK\.jdks\openjdk-18.0.1!\jdk.incubator.vector;C:\Users\ECK\.jdks\openjdk-18.0.1!\jdk.internal.ed;C:\Users\ECK\.jdks\openjdk-18.0.1!\jdk.internal.jvmstat;C:\Users\ECK\.jdks\openjdk-18.0.1!\jdk.internal.le;C:\Users\ECK\.jdks\openjdk-18.0.1!\jdk.internal.opt;C:\Users\ECK\.jdks\openjdk-18.0.1!\jdk.internal.vm.ci;C:\Users\ECK\.jdks\openjdk-18.0.1!\jdk.internal.vm.compiler;C:\Users\ECK\.jdks\openjdk-18.0.1!\jdk.internal.vm.compiler.management;C:\Users\ECK\.jdks\openjdk-18.0.1!\jdk.jartool;C:\Users\ECK\.jdks\openjdk-18.0.1!\jdk.javadoc;C:\Users\ECK\.jdks\openjdk-18.0.1!\jdk.jcmd;C:\Users\ECK\.jdks\openjdk-18.0.1!\jdk.jconsole;C:\Users\ECK\.jdks\openjdk-18.0.1!\jdk.jdeps;C:\Users\ECK\.jdks\openjdk-18.0.1!\jdk.jdi;C:\Users\ECK\.jdks\openjdk-18.0.1!\jdk.jdwp.agent;C:\Users\ECK\.jdks\openjdk-18.0.1!\jdk.jfr;C:\Users\ECK\.jdks\openjdk-18.0.1!\jdk.jlink;C:\Users\ECK\.jdks\openjdk-18.0.1!\jdk.jpackage;C:\Users\ECK\.jdks\openjdk-18.0.1!\jdk.jshell;C:\Users\ECK\.jdks\openjdk-18.0.1!\jdk.jsobject;C:\Users\ECK\.jdks\openjdk-18.0.1!\jdk.jstatd;C:\Users\ECK\.jdks\openjdk-18.0.1!\jdk.localedata;C:\Users\ECK\.jdks\openjdk-18.0.1!\jdk.management;C:\Users\ECK\.jdks\openjdk-18.0.1!\jdk.management.agent;C:\Users\ECK\.jdks\openjdk-18.0.1!\jdk.management.jfr;C:\Users\ECK\.jdks\openjdk-18.0.1!\jdk.naming.dns;C:\Users\ECK\.jdks\openjdk-18.0.1!\jdk.naming.rmi;C:\Users\ECK\.jdks\openjdk-18.0.1!\jdk.net;C:\Users\ECK\.jdks\openjdk-18.0.1!\jdk.nio.mapmode;C:\Users\ECK\.jdks\openjdk-18.0.1!\jdk.random;C:\Users\ECK\.jdks\openjdk-18.0.1!\jdk.sctp;C:\Users\ECK\.jdks\openjdk-18.0.1!\jdk.security.auth;C:\Users\ECK\.jdks\openjdk-18.0.1!\jdk.security.jgss;C:\Users\ECK\.jdks\openjdk-18.0.1!\jdk.unsupported;C:\Users\ECK\.jdks\openjdk-18.0.1!\jdk.unsupported.desktop;C:\Users\ECK\.jdks\openjdk-18.0.1!\jdk.xml.dom;C:\Users\ECK\.jdks\openjdk-18.0.1!\jdk.zipfs;C:\Users\ECK\Desktop\test\ReadyTestECK\HepsiburadaUiCaseEmailTest\untitled\target\test-classes;C:\Users\ECK\.m2\repository\com\thoughtworks\gauge\gauge-java\0.7.13\gauge-java-0.7.13.jar;C:\Users\ECK\.m2\repository\com\github\javaparser\javaparser-core\3.16.2\javaparser-core-3.16.2.jar;C:\Users\ECK\.m2\repository\commons-io\commons-io\2.8.0\commons-io-2.8.0.jar;C:\Users\ECK\.m2\repository\commons-lang\commons-lang\2.6\commons-lang-2.6.jar;C:\Users\ECK\.m2\repository\org\json\json\20200518\json-20200518.jar;C:\Users\ECK\.m2\repository\com\google\protobuf\protobuf-java\3.13.0\protobuf-java-3.13.0.jar;C:\Users\ECK\.m2\repository\com\google\guava\guava\29.0-jre\guava-29.0-jre.jar;C:\Users\ECK\.m2\repository\com\google\guava\failureaccess\1.0.1\failureaccess-1.0.1.jar;C:\Users\ECK\.m2\repository\com\google\guava\listenablefuture\9999.0-empty-to-avoid-conflict-with-guava\listenablefuture-9999.0-empty-to-avoid-conflict-with-guava.jar;C:\Users\ECK\.m2\repository\com\google\code\findbugs\jsr305\3.0.2\jsr305-3.0.2.jar;C:\Users\ECK\.m2\repository\org\checkerframework\checker-qual\2.11.1\checker-qual-2.11.1.jar;C:\Users\ECK\.m2\repository\com\google\errorprone\error_prone_annotations\2.3.4\error_prone_annotations-2.3.4.jar;C:\Users\ECK\.m2\repository\com\google\j2objc\j2objc-annotations\1.3\j2objc-annotations-1.3.jar;C:\Users\ECK\.m2\repository\io\grpc\grpc-netty-shaded\1.33.0\grpc-netty-shaded-1.33.0.jar;C:\Users\ECK\.m2\repository\io\grpc\grpc-core\1.33.0\grpc-core-1.33.0.jar;C:\Users\ECK\.m2\repository\com\google\android\annotations\4.1.1.4\annotations-4.1.1.4.jar;C:\Users\ECK\.m2\repository\io\perfmark\perfmark-api\0.19.0\perfmark-api-0.19.0.jar;C:\Users\ECK\.m2\repository\io\grpc\grpc-protobuf\1.33.0\grpc-protobuf-1.33.0.jar;C:\Users\ECK\.m2\repository\io\grpc\grpc-api\1.33.0\grpc-api-1.33.0.jar;C:\Users\ECK\.m2\repository\io\grpc\grpc-context\1.33.0\grpc-context-1.33.0.jar;C:\Users\ECK\.m2\repository\com\google\api\grpc\proto-google-common-protos\1.17.0\proto-google-common-protos-1.17.0.jar;C:\Users\ECK\.m2\repository\io\grpc\grpc-protobuf-lite\1.33.0\grpc-protobuf-lite-1.33.0.jar;C:\Users\ECK\.m2\repository\org\codehaus\mojo\animal-sniffer-annotations\1.18\animal-sniffer-annotations-1.18.jar;C:\Users\ECK\.m2\repository\io\grpc\grpc-stub\1.33.0\grpc-stub-1.33.0.jar;C:\Users\ECK\.m2\repository\javax\annotation\javax.annotation-api\1.3.2\javax.annotation-api-1.3.2.jar;C:\Users\ECK\.m2\repository\org\assertj\assertj-core\3.10.0\assertj-core-3.10.0.jar;C:\Users\ECK\.m2\repository\org\seleniumhq\selenium\selenium-java\3.141.59\selenium-java-3.141.59.jar;C:\Users\ECK\.m2\repository\org\seleniumhq\selenium\selenium-api\3.141.59\selenium-api-3.141.59.jar;C:\Users\ECK\.m2\repository\org\seleniumhq\selenium\selenium-chrome-driver\3.141.59\selenium-chrome-driver-3.141.59.jar;C:\Users\ECK\.m2\repository\org\seleniumhq\selenium\selenium-edge-driver\3.141.59\selenium-edge-driver-3.141.59.jar;C:\Users\ECK\.m2\repository\org\seleniumhq\selenium\selenium-firefox-driver\3.141.59\selenium-firefox-driver-3.141.59.jar;C:\Users\ECK\.m2\repository\org\seleniumhq\selenium\selenium-ie-driver\3.141.59\selenium-ie-driver-3.141.59.jar;C:\Users\ECK\.m2\repository\org\seleniumhq\selenium\selenium-opera-driver\3.141.59\selenium-opera-driver-3.141.59.jar;C:\Users\ECK\.m2\repository\org\seleniumhq\selenium\selenium-remote-driver\3.141.59\selenium-remote-driver-3.141.59.jar;C:\Users\ECK\.m2\repository\org\seleniumhq\selenium\selenium-safari-driver\3.141.59\selenium-safari-driver-3.141.59.jar;C:\Users\ECK\.m2\repository\org\seleniumhq\selenium\selenium-support\3.141.59\selenium-support-3.141.59.jar;C:\Users\ECK\.m2\repository\net\bytebuddy\byte-buddy\1.8.15\byte-buddy-1.8.15.jar;C:\Users\ECK\.m2\repository\org\apache\commons\commons-exec\1.3\commons-exec-1.3.jar;C:\Users\ECK\.m2\repository\com\squareup\okhttp3\okhttp\3.11.0\okhttp-3.11.0.jar;C:\Users\ECK\.m2\repository\com\squareup\okio\okio\1.14.0\okio-1.14.0.jar;C:\Users\ECK\.m2\repository\io\github\bonigarcia\webdrivermanager\4.2.0\webdrivermanager-4.2.0.jar;C:\Users\ECK\.m2\repository\org\slf4j\slf4j-api\1.7.30\slf4j-api-1.7.30.jar;C:\Users\ECK\.m2\repository\com\google\code\gson\gson\2.8.6\gson-2.8.6.jar;C:\Users\ECK\.m2\repository\org\apache\commons\commons-lang3\3.11\commons-lang3-3.11.jar;C:\Users\ECK\.m2\repository\org\apache\httpcomponents\client5\httpclient5\5.0.1\httpclient5-5.0.1.jar;C:\Users\ECK\.m2\repository\org\apache\httpcomponents\core5\httpcore5\5.0.1\httpcore5-5.0.1.jar;C:\Users\ECK\.m2\repository\org\apache\httpcomponents\core5\httpcore5-h2\5.0.1\httpcore5-h2-5.0.1.jar;C:\Users\ECK\.m2\repository\commons-codec\commons-codec\1.13\commons-codec-1.13.jar;C:\Users\ECK\.m2\repository\org\rauschig\jarchivelib\1.0.0\jarchivelib-1.0.0.jar;C:\Users\ECK\.m2\repository\org\apache\commons\commons-compress\1.18\commons-compress-1.18.jar;C:\Users\ECK\.m2\repository\org\jsoup\jsoup\1.13.1\jsoup-1.13.1.jar;C:\Users\ECK\.m2\repository\org\reflections\reflections\0.9.10\reflections-0.9.10.jar;C:\Users\ECK\.m2\repository\org\javassist\javassist\3.19.0-GA\javassist-3.19.0-GA.jar;C:\Users\ECK\.m2\repository\com\google\code\findbugs\annotations\2.0.1\annotations-2.0.1.jar;C:\Users\ECK\.m2\repository\junit\junit\4.12\junit-4.12.jar;C:\Users\ECK\.m2\repository\org\hamcrest\hamcrest-core\1.3\hamcrest-core-1.3.jar
04-05-2022 02:02:43.408 [java] [DEBUG] found java executable in C:\Program Files\Java\jdk-18.0.1\bin\java.exe
04-05-2022 02:02:43.408 [java] [DEBUG] running - C:\Program Files\Java\jdk-18.0.1\bin\java.exe [-Dfile.encoding=UTF-8 com.thoughtworks.gauge.GaugeRuntime --start]
04-05-2022 02:02:43.408 [java] [DEBUG] stdout/stderr is logged to logs\5620-java.exe.out
04-05-2022 02:02:43.580 [java] [DEBUG] multithreading is set to false
04-05-2022 02:02:43.929 [java] [DEBUG] Using reflection to scan dependencies for gauge implementations...
04-05-2022 02:02:44.001 [java] [ERROR] SLF4J: Failed to load class "org.slf4j.impl.StaticLoggerBinder".
04-05-2022 02:02:44.001 [java] [ERROR] SLF4J: Defaulting to no-operation (NOP) logger implementation
04-05-2022 02:02:44.001 [java] [ERROR] SLF4J: See http://www.slf4j.org/codes.html#StaticLoggerBinder for further details.
04-05-2022 02:02:44.361 [java] [DEBUG] gauge-java took 775milliseconds to load and scan. This should be less than 'runner_connection_timeout' config value.
04-05-2022 02:02:44.361 [java] [DEBUG] run 'gauge config runner_connection_timeout' and verify that it is < 775
04-05-2022 02:02:44.365 [java] [DEBUG] starting gRPC server...
04-05-2022 02:02:44.499 [java] [DEBUG] started gRPC server on port 56269
04-05-2022 02:02:44.499 [Gauge] [DEBUG] Attempting to connect to grpc server at port: 56269
04-05-2022 02:02:44.640 [Gauge] [DEBUG] Successfully made the connection with runner with port: 56269
04-05-2022 02:02:44.640 [Gauge] [DEBUG] Validation started.
04-05-2022 02:02:45.465 [java] [DEBUG] Scanning packages for steps
04-05-2022 02:02:45.478 [java] [DEBUG] Comparing 'Tests.LoginTest.clickSubmit' and 'Tests.LoginTest.clickSubmit'
04-05-2022 02:02:45.478 [java] [DEBUG] Found Kullanï¿½cï¿½ E-Mail yazdï¿½ktan sonra Giriï¿½ Yap'a tï¿½klar. in current project scope.
04-05-2022 02:02:45.479 [java] [DEBUG] Comparing 'Tests.HomeTest.clickLogin' and 'Tests.HomeTest.clickLogin'
04-05-2022 02:02:45.479 [java] [DEBUG] Found Kullanï¿½cï¿½ {} tabï¿½na gider. in current project scope.
04-05-2022 02:02:45.482 [java] [DEBUG] Comparing 'Tests.LoginTest.checkErrorMessage' and 'Tests.LoginTest.checkErrorMessage'
04-05-2022 02:02:45.482 [java] [DEBUG] Found Kullanï¿½cï¿½ {} yazï¿½sï¿½ aldï¿½ï¿½ï¿½nï¿½ gï¿½rï¿½r. in current project scope.
04-05-2022 02:02:45.482 [java] [DEBUG] Comparing 'org.example.StepImplementation.ensureInstallationInstructionsAreAvailable' and 'org.example.StepImplementation.ensureInstallationInstructionsAreAvailable'
04-05-2022 02:02:45.482 [java] [DEBUG] Found Ensure installation instructions are available in current project scope.
04-05-2022 02:02:45.482 [java] [DEBUG] Comparing 'Tests.HomeTest.clickLogin2' and 'Tests.HomeTest.clickLogin2'
04-05-2022 02:02:45.482 [java] [DEBUG] Found Kullanï¿½cï¿½ Giriï¿½ Yap'a tï¿½klar. in current project scope.
04-05-2022 02:02:45.482 [java] [DEBUG] Comparing 'Tests.LoginTest.setEmail' and 'Tests.LoginTest.setEmail'
04-05-2022 02:02:45.482 [java] [DEBUG] Found Email alanï¿½na {} yazï¿½lï¿½r. in current project scope.
04-05-2022 02:02:45.482 [java] [DEBUG] Comparing 'org.example.StepImplementation.gotoGetStartedPage' and 'org.example.StepImplementation.gotoGetStartedPage'
04-05-2022 02:02:45.482 [java] [DEBUG] Found Go to Gauge Get Started Page in current project scope.
04-05-2022 02:02:45.482 [java] [DEBUG] Comparing 'Tests.HomeTest.userVisitSite' and 'Tests.HomeTest.userVisitSite'
04-05-2022 02:02:45.482 [java] [DEBUG] Found Kullanï¿½cï¿½ {} sitesini ziyaret eder in current project scope.
04-05-2022 02:02:45.482 [java] [DEBUG] Comparing 'org.example.StepImplementation.implementation1' and 'org.example.StepImplementation.implementation1'
04-05-2022 02:02:45.482 [java] [DEBUG] Found Open the Gauge homepage in current project scope.
04-05-2022 02:02:45.482 [java] [DEBUG] Scanning packages for hooks
04-05-2022 02:02:45.488 [java] [DEBUG] Scanned steps (using static parsing + reflections): 
04-05-2022 02:02:45.490 [java] [DEBUG] 	Kullanï¿½cï¿½ Giriï¿½ Yap'a tï¿½klar. : public void clickLogin2()
04-05-2022 02:02:45.490 [java] [DEBUG] 	Open the Gauge homepage : public void implementation1()
04-05-2022 02:02:45.490 [java] [DEBUG] 	Go to Gauge Get Started Page : public void gotoGetStartedPage() throws InterruptedException
04-05-2022 02:02:45.490 [java] [DEBUG] 	Kullanï¿½cï¿½ {} sitesini ziyaret eder : public void userVisitSite(String key)
04-05-2022 02:02:45.490 [java] [DEBUG] 	Kullanï¿½cï¿½ {} tabï¿½na gider. : public void clickLogin(String xxx)
04-05-2022 02:02:45.490 [java] [DEBUG] 	Kullanï¿½cï¿½ {} yazï¿½sï¿½ aldï¿½ï¿½ï¿½nï¿½ gï¿½rï¿½r. : public void checkErrorMessage(String type)
04-05-2022 02:02:45.490 [java] [DEBUG] 	Email alanï¿½na {} yazï¿½lï¿½r. : public void setEmail(String email)
04-05-2022 02:02:45.490 [java] [DEBUG] 	Ensure installation instructions are available : public void ensureInstallationInstructionsAreAvailable() throws InterruptedException
04-05-2022 02:02:45.490 [java] [DEBUG] 	Kullanï¿½cï¿½ E-Mail yazdï¿½ktan sonra Giriï¿½ Yap'a tï¿½klar. : public void clickSubmit()
04-05-2022 02:02:46.481 [Gauge] [DEBUG] Validation completed.
04-05-2022 02:02:46.482 [Gauge] [DEBUG] Run started
04-05-2022 02:02:46.483 [Gauge] [DEBUG] Starting Html Report plugin
04-05-2022 02:02:46.502 [Gauge] [DEBUG] Attempting to connect to grpc server at port: 56272
04-05-2022 02:02:46.503 [Gauge] [DEBUG] Successfully made the connection with plugin with port: 56272
04-05-2022 02:02:46.503 [Gauge] [DEBUG] Initialising suite data store.
04-05-2022 02:02:47.156 [java] [ERROR] Starting ChromeDriver 100.0.4896.60 (6a5d10861ce8de5fce22564658033b43cb7de047-refs/branch-heads/4896@{#875}) on port 29154
04-05-2022 02:02:47.156 [java] [ERROR] Only local connections are allowed.
04-05-2022 02:02:47.156 [java] [ERROR] Please see https://chromedriver.chromium.org/security-considerations for suggestions on keeping ChromeDriver safe.
04-05-2022 02:02:47.160 [java] [ERROR] ChromeDriver was started successfully.
04-05-2022 02:02:48.183 [java] [ERROR] May 04, 2022 2:02:48 ÖÖ org.openqa.selenium.remote.ProtocolHandshake createSession
04-05-2022 02:02:48.183 [java] [ERROR] INFO: Detected dialect: W3C
04-05-2022 02:02:48.355 [java] [DEBUG] Executing 'Kullanï¿½cï¿½ {} sitesini ziyaret eder' using 'class Tests.HomeTest.userVisitSite
04-05-2022 02:02:54.680 [java] [DEBUG] Executing 'Kullanï¿½cï¿½ {} tabï¿½na gider.' using 'class Tests.HomeTest.clickLogin
04-05-2022 02:02:55.409 [java] [DEBUG] Executing 'Kullanï¿½cï¿½ Giriï¿½ Yap'a tï¿½klar.' using 'class Tests.HomeTest.clickLogin2
04-05-2022 02:02:56.613 [java] [DEBUG] Executing 'Email alanï¿½na {} yazï¿½lï¿½r.' using 'class Tests.LoginTest.setEmail
04-05-2022 02:02:58.802 [java] [DEBUG] Executing 'Kullanï¿½cï¿½ E-Mail yazdï¿½ktan sonra Giriï¿½ Yap'a tï¿½klar.' using 'class Tests.LoginTest.clickSubmit
04-05-2022 02:02:59.991 [java] [DEBUG] Executing 'Kullanï¿½cï¿½ {} yazï¿½sï¿½ aldï¿½ï¿½ï¿½nï¿½ gï¿½rï¿½r.' using 'class Tests.LoginTest.checkErrorMessage
04-05-2022 02:03:00.842 [html-report] [DEBUG] Transformed SuiteResult to report structure
04-05-2022 02:03:00.865 [Gauge] [DEBUG] Sending kill message to Html Report plugin.
04-05-2022 02:03:00.865 [html-report] [INFO] Successfully generated html-report to => C:\Users\ECK\Desktop\test\ReadyTestECK\HepsiburadaUiCaseEmailTest\untitled\reports\html-report\index.html
04-05-2022 02:03:00.865 [html-report] [DEBUG] Done generating HTML report using theme from C:\Users\ECK\AppData\Roaming\gauge\plugins\html-report\4.1.4\themes\default
04-05-2022 02:03:01.533 [Gauge] [DEBUG] Runner with PID:5620 has exited
04-05-2022 02:03:01.533 [Gauge] [INFO] Specifications:	1 executed	1 passed	0 failed	0 skipped
04-05-2022 02:03:01.533 [Gauge] [INFO] Scenarios:	1 executed	1 passed	0 failed	0 skipped
04-05-2022 02:03:01.533 [Gauge] [INFO] 
Total time taken: 14.357s
04-05-2022 02:03:57.620 [Gauge] [DEBUG] Created gauge_screenshots_dir at C:\Users\ECK\Desktop\test\ReadyTestECK\HepsiburadaUiCaseEmailTest\untitled\.gauge\screenshots
04-05-2022 02:03:57.622 [Gauge] [DEBUG] Plugin java is already installed.
04-05-2022 02:03:57.623 [Gauge] [DEBUG] Plugin html-report is already installed.
04-05-2022 02:03:57.623 [Gauge] [DEBUG] Parsing started.
04-05-2022 02:03:57.623 [Gauge] [DEBUG] Started concepts parsing.
04-05-2022 02:03:57.629 [Gauge] [DEBUG] 0 concepts parsing completed.
04-05-2022 02:03:57.629 [Gauge] [DEBUG] Started specifications parsing.
04-05-2022 02:03:57.629 [Gauge] [DEBUG] 1 specifications parsing completed.
04-05-2022 02:03:57.629 [Gauge] [DEBUG] Parsing completed.
04-05-2022 02:03:57.649 [java] [DEBUG] ***** Printing Properties/Env Values *****
04-05-2022 02:03:57.649 [java] [DEBUG] PATH: C:\Program Files\Common Files\Oracle\Java\javapath;C:\Program Files (x86)\Common Files\Oracle\Java\javapath;C:\Windows\system32;C:\Windows;C:\Windows\System32\Wbem;C:\Windows\System32\WindowsPowerShell\v1.0\;C:\Windows\System32\OpenSSH\;C:\Program Files\Gauge\bin;C:\Program Files\Java\jdk-18.0.1\bin;C:\Program Files\Apache\maven\apache-maven-3.8.5\bin;C:\Program Files\Git\cmd;C:\Users\ECK\AppData\Local\Microsoft\WindowsApps;;C:\Users\ECK\AppData\Roaming\gauge\plugins\screenshot\0.1.0
04-05-2022 02:03:57.650 [java] [DEBUG] JAVA_HOME: C:\Program Files\Java\jdk-18.0.1
04-05-2022 02:03:57.650 [java] [DEBUG] gauge_project_root: C:\Users\ECK\Desktop\test\ReadyTestECK\HepsiburadaUiCaseEmailTest\untitled
04-05-2022 02:03:57.650 [java] [DEBUG] gauge_parallel_streams_count: 4
04-05-2022 02:03:57.650 [java] [DEBUG] gauge_reports_dir: reports
04-05-2022 02:03:57.650 [java] [DEBUG] overwrite_reports: true
04-05-2022 02:03:57.650 [java] [DEBUG] logs_directory: logs
04-05-2022 02:03:57.650 [java] [DEBUG] enable_multithreading: false
04-05-2022 02:03:57.650 [java] [DEBUG] gauge_specs_dir: specs
04-05-2022 02:03:57.650 [java] [DEBUG] csv_delimiter: ,
04-05-2022 02:03:57.650 [java] [DEBUG] gauge_java_home: 
04-05-2022 02:03:57.650 [java] [DEBUG] gauge_custom_build_path: 
04-05-2022 02:03:57.650 [java] [DEBUG] gauge_additional_libs: libs/*
04-05-2022 02:03:57.650 [java] [DEBUG] gauge_jvm_args: 
04-05-2022 02:03:57.650 [java] [DEBUG] gauge_custom_compile_dir: 
04-05-2022 02:03:57.650 [java] [DEBUG] gauge_clear_state_level: scenario
04-05-2022 02:03:57.650 [java] [DEBUG] ***** END *****
04-05-2022 02:03:57.883 [Gauge] [DEBUG] Checking updates...
04-05-2022 02:03:57.885 [Gauge] [DEBUG] Downloading https://downloads.gauge.org/plugin/html-report?l=java&p=html-report,java,screenshot,spectacle,xml-report&o=windows&a=amd64
04-05-2022 02:03:58.122 [Gauge] [DEBUG] Downloading https://downloads.gauge.org/plugin/java?l=java&p=html-report,java,screenshot,spectacle,xml-report&o=windows&a=amd64
04-05-2022 02:03:58.199 [Gauge] [DEBUG] Downloading https://downloads.gauge.org/plugin/screenshot?l=java&p=html-report,java,screenshot,spectacle,xml-report&o=windows&a=amd64
04-05-2022 02:03:58.268 [Gauge] [DEBUG] Downloading https://downloads.gauge.org/plugin/spectacle?l=java&p=html-report,java,screenshot,spectacle,xml-report&o=windows&a=amd64
04-05-2022 02:03:58.344 [Gauge] [DEBUG] Downloading https://downloads.gauge.org/plugin/xml-report?l=java&p=html-report,java,screenshot,spectacle,xml-report&o=windows&a=amd64
04-05-2022 02:04:00.704 [java] [ERROR] Installed version of gauge-java (0.8.1) does not match with dependency gauge-java (0.7.13) specified in pom.xml file
04-05-2022 02:04:00.704 [java] [DEBUG] classpath set to C:\Users\ECK\.jdks\openjdk-18.0.1!\java.base;C:\Users\ECK\.jdks\openjdk-18.0.1!\java.compiler;C:\Users\ECK\.jdks\openjdk-18.0.1!\java.datatransfer;C:\Users\ECK\.jdks\openjdk-18.0.1!\java.desktop;C:\Users\ECK\.jdks\openjdk-18.0.1!\java.instrument;C:\Users\ECK\.jdks\openjdk-18.0.1!\java.logging;C:\Users\ECK\.jdks\openjdk-18.0.1!\java.management;C:\Users\ECK\.jdks\openjdk-18.0.1!\java.management.rmi;C:\Users\ECK\.jdks\openjdk-18.0.1!\java.naming;C:\Users\ECK\.jdks\openjdk-18.0.1!\java.net.http;C:\Users\ECK\.jdks\openjdk-18.0.1!\java.prefs;C:\Users\ECK\.jdks\openjdk-18.0.1!\java.rmi;C:\Users\ECK\.jdks\openjdk-18.0.1!\java.scripting;C:\Users\ECK\.jdks\openjdk-18.0.1!\java.se;C:\Users\ECK\.jdks\openjdk-18.0.1!\java.security.jgss;C:\Users\ECK\.jdks\openjdk-18.0.1!\java.security.sasl;C:\Users\ECK\.jdks\openjdk-18.0.1!\java.smartcardio;C:\Users\ECK\.jdks\openjdk-18.0.1!\java.sql;C:\Users\ECK\.jdks\openjdk-18.0.1!\java.sql.rowset;C:\Users\ECK\.jdks\openjdk-18.0.1!\java.transaction.xa;C:\Users\ECK\.jdks\openjdk-18.0.1!\java.xml;C:\Users\ECK\.jdks\openjdk-18.0.1!\java.xml.crypto;C:\Users\ECK\.jdks\openjdk-18.0.1!\jdk.accessibility;C:\Users\ECK\.jdks\openjdk-18.0.1!\jdk.attach;C:\Users\ECK\.jdks\openjdk-18.0.1!\jdk.charsets;C:\Users\ECK\.jdks\openjdk-18.0.1!\jdk.compiler;C:\Users\ECK\.jdks\openjdk-18.0.1!\jdk.crypto.cryptoki;C:\Users\ECK\.jdks\openjdk-18.0.1!\jdk.crypto.ec;C:\Users\ECK\.jdks\openjdk-18.0.1!\jdk.crypto.mscapi;C:\Users\ECK\.jdks\openjdk-18.0.1!\jdk.dynalink;C:\Users\ECK\.jdks\openjdk-18.0.1!\jdk.editpad;C:\Users\ECK\.jdks\openjdk-18.0.1!\jdk.hotspot.agent;C:\Users\ECK\.jdks\openjdk-18.0.1!\jdk.httpserver;C:\Users\ECK\.jdks\openjdk-18.0.1!\jdk.incubator.foreign;C:\Users\ECK\.jdks\openjdk-18.0.1!\jdk.incubator.vector;C:\Users\ECK\.jdks\openjdk-18.0.1!\jdk.internal.ed;C:\Users\ECK\.jdks\openjdk-18.0.1!\jdk.internal.jvmstat;C:\Users\ECK\.jdks\openjdk-18.0.1!\jdk.internal.le;C:\Users\ECK\.jdks\openjdk-18.0.1!\jdk.internal.opt;C:\Users\ECK\.jdks\openjdk-18.0.1!\jdk.internal.vm.ci;C:\Users\ECK\.jdks\openjdk-18.0.1!\jdk.internal.vm.compiler;C:\Users\ECK\.jdks\openjdk-18.0.1!\jdk.internal.vm.compiler.management;C:\Users\ECK\.jdks\openjdk-18.0.1!\jdk.jartool;C:\Users\ECK\.jdks\openjdk-18.0.1!\jdk.javadoc;C:\Users\ECK\.jdks\openjdk-18.0.1!\jdk.jcmd;C:\Users\ECK\.jdks\openjdk-18.0.1!\jdk.jconsole;C:\Users\ECK\.jdks\openjdk-18.0.1!\jdk.jdeps;C:\Users\ECK\.jdks\openjdk-18.0.1!\jdk.jdi;C:\Users\ECK\.jdks\openjdk-18.0.1!\jdk.jdwp.agent;C:\Users\ECK\.jdks\openjdk-18.0.1!\jdk.jfr;C:\Users\ECK\.jdks\openjdk-18.0.1!\jdk.jlink;C:\Users\ECK\.jdks\openjdk-18.0.1!\jdk.jpackage;C:\Users\ECK\.jdks\openjdk-18.0.1!\jdk.jshell;C:\Users\ECK\.jdks\openjdk-18.0.1!\jdk.jsobject;C:\Users\ECK\.jdks\openjdk-18.0.1!\jdk.jstatd;C:\Users\ECK\.jdks\openjdk-18.0.1!\jdk.localedata;C:\Users\ECK\.jdks\openjdk-18.0.1!\jdk.management;C:\Users\ECK\.jdks\openjdk-18.0.1!\jdk.management.agent;C:\Users\ECK\.jdks\openjdk-18.0.1!\jdk.management.jfr;C:\Users\ECK\.jdks\openjdk-18.0.1!\jdk.naming.dns;C:\Users\ECK\.jdks\openjdk-18.0.1!\jdk.naming.rmi;C:\Users\ECK\.jdks\openjdk-18.0.1!\jdk.net;C:\Users\ECK\.jdks\openjdk-18.0.1!\jdk.nio.mapmode;C:\Users\ECK\.jdks\openjdk-18.0.1!\jdk.random;C:\Users\ECK\.jdks\openjdk-18.0.1!\jdk.sctp;C:\Users\ECK\.jdks\openjdk-18.0.1!\jdk.security.auth;C:\Users\ECK\.jdks\openjdk-18.0.1!\jdk.security.jgss;C:\Users\ECK\.jdks\openjdk-18.0.1!\jdk.unsupported;C:\Users\ECK\.jdks\openjdk-18.0.1!\jdk.unsupported.desktop;C:\Users\ECK\.jdks\openjdk-18.0.1!\jdk.xml.dom;C:\Users\ECK\.jdks\openjdk-18.0.1!\jdk.zipfs;C:\Users\ECK\Desktop\test\ReadyTestECK\HepsiburadaUiCaseEmailTest\untitled\target\test-classes;C:\Users\ECK\.m2\repository\com\thoughtworks\gauge\gauge-java\0.7.13\gauge-java-0.7.13.jar;C:\Users\ECK\.m2\repository\com\github\javaparser\javaparser-core\3.16.2\javaparser-core-3.16.2.jar;C:\Users\ECK\.m2\repository\commons-io\commons-io\2.8.0\commons-io-2.8.0.jar;C:\Users\ECK\.m2\repository\commons-lang\commons-lang\2.6\commons-lang-2.6.jar;C:\Users\ECK\.m2\repository\org\json\json\20200518\json-20200518.jar;C:\Users\ECK\.m2\repository\com\google\protobuf\protobuf-java\3.13.0\protobuf-java-3.13.0.jar;C:\Users\ECK\.m2\repository\com\google\guava\guava\29.0-jre\guava-29.0-jre.jar;C:\Users\ECK\.m2\repository\com\google\guava\failureaccess\1.0.1\failureaccess-1.0.1.jar;C:\Users\ECK\.m2\repository\com\google\guava\listenablefuture\9999.0-empty-to-avoid-conflict-with-guava\listenablefuture-9999.0-empty-to-avoid-conflict-with-guava.jar;C:\Users\ECK\.m2\repository\com\google\code\findbugs\jsr305\3.0.2\jsr305-3.0.2.jar;C:\Users\ECK\.m2\repository\org\checkerframework\checker-qual\2.11.1\checker-qual-2.11.1.jar;C:\Users\ECK\.m2\repository\com\google\errorprone\error_prone_annotations\2.3.4\error_prone_annotations-2.3.4.jar;C:\Users\ECK\.m2\repository\com\google\j2objc\j2objc-annotations\1.3\j2objc-annotations-1.3.jar;C:\Users\ECK\.m2\repository\io\grpc\grpc-netty-shaded\1.33.0\grpc-netty-shaded-1.33.0.jar;C:\Users\ECK\.m2\repository\io\grpc\grpc-core\1.33.0\grpc-core-1.33.0.jar;C:\Users\ECK\.m2\repository\com\google\android\annotations\4.1.1.4\annotations-4.1.1.4.jar;C:\Users\ECK\.m2\repository\io\perfmark\perfmark-api\0.19.0\perfmark-api-0.19.0.jar;C:\Users\ECK\.m2\repository\io\grpc\grpc-protobuf\1.33.0\grpc-protobuf-1.33.0.jar;C:\Users\ECK\.m2\repository\io\grpc\grpc-api\1.33.0\grpc-api-1.33.0.jar;C:\Users\ECK\.m2\repository\io\grpc\grpc-context\1.33.0\grpc-context-1.33.0.jar;C:\Users\ECK\.m2\repository\com\google\api\grpc\proto-google-common-protos\1.17.0\proto-google-common-protos-1.17.0.jar;C:\Users\ECK\.m2\repository\io\grpc\grpc-protobuf-lite\1.33.0\grpc-protobuf-lite-1.33.0.jar;C:\Users\ECK\.m2\repository\org\codehaus\mojo\animal-sniffer-annotations\1.18\animal-sniffer-annotations-1.18.jar;C:\Users\ECK\.m2\repository\io\grpc\grpc-stub\1.33.0\grpc-stub-1.33.0.jar;C:\Users\ECK\.m2\repository\javax\annotation\javax.annotation-api\1.3.2\javax.annotation-api-1.3.2.jar;C:\Users\ECK\.m2\repository\org\assertj\assertj-core\3.10.0\assertj-core-3.10.0.jar;C:\Users\ECK\.m2\repository\org\seleniumhq\selenium\selenium-java\3.141.59\selenium-java-3.141.59.jar;C:\Users\ECK\.m2\repository\org\seleniumhq\selenium\selenium-api\3.141.59\selenium-api-3.141.59.jar;C:\Users\ECK\.m2\repository\org\seleniumhq\selenium\selenium-chrome-driver\3.141.59\selenium-chrome-driver-3.141.59.jar;C:\Users\ECK\.m2\repository\org\seleniumhq\selenium\selenium-edge-driver\3.141.59\selenium-edge-driver-3.141.59.jar;C:\Users\ECK\.m2\repository\org\seleniumhq\selenium\selenium-firefox-driver\3.141.59\selenium-firefox-driver-3.141.59.jar;C:\Users\ECK\.m2\repository\org\seleniumhq\selenium\selenium-ie-driver\3.141.59\selenium-ie-driver-3.141.59.jar;C:\Users\ECK\.m2\repository\org\seleniumhq\selenium\selenium-opera-driver\3.141.59\selenium-opera-driver-3.141.59.jar;C:\Users\ECK\.m2\repository\org\seleniumhq\selenium\selenium-remote-driver\3.141.59\selenium-remote-driver-3.141.59.jar;C:\Users\ECK\.m2\repository\org\seleniumhq\selenium\selenium-safari-driver\3.141.59\selenium-safari-driver-3.141.59.jar;C:\Users\ECK\.m2\repository\org\seleniumhq\selenium\selenium-support\3.141.59\selenium-support-3.141.59.jar;C:\Users\ECK\.m2\repository\net\bytebuddy\byte-buddy\1.8.15\byte-buddy-1.8.15.jar;C:\Users\ECK\.m2\repository\org\apache\commons\commons-exec\1.3\commons-exec-1.3.jar;C:\Users\ECK\.m2\repository\com\squareup\okhttp3\okhttp\3.11.0\okhttp-3.11.0.jar;C:\Users\ECK\.m2\repository\com\squareup\okio\okio\1.14.0\okio-1.14.0.jar;C:\Users\ECK\.m2\repository\io\github\bonigarcia\webdrivermanager\4.2.0\webdrivermanager-4.2.0.jar;C:\Users\ECK\.m2\repository\org\slf4j\slf4j-api\1.7.30\slf4j-api-1.7.30.jar;C:\Users\ECK\.m2\repository\com\google\code\gson\gson\2.8.6\gson-2.8.6.jar;C:\Users\ECK\.m2\repository\org\apache\commons\commons-lang3\3.11\commons-lang3-3.11.jar;C:\Users\ECK\.m2\repository\org\apache\httpcomponents\client5\httpclient5\5.0.1\httpclient5-5.0.1.jar;C:\Users\ECK\.m2\repository\org\apache\httpcomponents\core5\httpcore5\5.0.1\httpcore5-5.0.1.jar;C:\Users\ECK\.m2\repository\org\apache\httpcomponents\core5\httpcore5-h2\5.0.1\httpcore5-h2-5.0.1.jar;C:\Users\ECK\.m2\repository\commons-codec\commons-codec\1.13\commons-codec-1.13.jar;C:\Users\ECK\.m2\repository\org\rauschig\jarchivelib\1.0.0\jarchivelib-1.0.0.jar;C:\Users\ECK\.m2\repository\org\apache\commons\commons-compress\1.18\commons-compress-1.18.jar;C:\Users\ECK\.m2\repository\org\jsoup\jsoup\1.13.1\jsoup-1.13.1.jar;C:\Users\ECK\.m2\repository\org\reflections\reflections\0.9.10\reflections-0.9.10.jar;C:\Users\ECK\.m2\repository\org\javassist\javassist\3.19.0-GA\javassist-3.19.0-GA.jar;C:\Users\ECK\.m2\repository\com\google\code\findbugs\annotations\2.0.1\annotations-2.0.1.jar;C:\Users\ECK\.m2\repository\junit\junit\4.12\junit-4.12.jar;C:\Users\ECK\.m2\repository\org\hamcrest\hamcrest-core\1.3\hamcrest-core-1.3.jar
04-05-2022 02:04:00.736 [java] [DEBUG] found java executable in C:\Program Files\Java\jdk-18.0.1\bin\java.exe
04-05-2022 02:04:00.736 [java] [DEBUG] running - C:\Program Files\Java\jdk-18.0.1\bin\java.exe [-Dfile.encoding=UTF-8 com.thoughtworks.gauge.GaugeRuntime --start]
04-05-2022 02:04:00.736 [java] [DEBUG] stdout/stderr is logged to logs\9192-java.exe.out
04-05-2022 02:04:00.906 [java] [DEBUG] multithreading is set to false
04-05-2022 02:04:01.322 [java] [DEBUG] Using reflection to scan dependencies for gauge implementations...
04-05-2022 02:04:01.391 [java] [ERROR] SLF4J: Failed to load class "org.slf4j.impl.StaticLoggerBinder".
04-05-2022 02:04:01.391 [java] [ERROR] SLF4J: Defaulting to no-operation (NOP) logger implementation
04-05-2022 02:04:01.391 [java] [ERROR] SLF4J: See http://www.slf4j.org/codes.html#StaticLoggerBinder for further details.
04-05-2022 02:04:01.762 [java] [DEBUG] gauge-java took 836milliseconds to load and scan. This should be less than 'runner_connection_timeout' config value.
04-05-2022 02:04:01.762 [java] [DEBUG] run 'gauge config runner_connection_timeout' and verify that it is < 836
04-05-2022 02:04:01.762 [java] [DEBUG] starting gRPC server...
04-05-2022 02:04:01.883 [java] [DEBUG] started gRPC server on port 56424
04-05-2022 02:04:01.883 [Gauge] [DEBUG] Attempting to connect to grpc server at port: 56424
04-05-2022 02:04:02.031 [Gauge] [DEBUG] Successfully made the connection with runner with port: 56424
04-05-2022 02:04:02.031 [Gauge] [DEBUG] Validation started.
04-05-2022 02:04:02.890 [java] [DEBUG] Scanning packages for steps
04-05-2022 02:04:02.904 [java] [DEBUG] Comparing 'Tests.LoginTest.clickSubmit' and 'Tests.LoginTest.clickSubmit'
04-05-2022 02:04:02.904 [java] [DEBUG] Found Kullanï¿½cï¿½ E-Mail yazdï¿½ktan sonra Giriï¿½ Yap'a tï¿½klar. in current project scope.
04-05-2022 02:04:02.905 [java] [DEBUG] Comparing 'Tests.HomeTest.clickLogin' and 'Tests.HomeTest.clickLogin'
04-05-2022 02:04:02.905 [java] [DEBUG] Found Kullanï¿½cï¿½ {} tabï¿½na gider. in current project scope.
04-05-2022 02:04:02.905 [java] [DEBUG] Comparing 'Tests.LoginTest.checkErrorMessage' and 'Tests.LoginTest.checkErrorMessage'
04-05-2022 02:04:02.905 [java] [DEBUG] Found Kullanï¿½cï¿½ {} yazï¿½sï¿½ aldï¿½ï¿½ï¿½nï¿½ gï¿½rï¿½r. in current project scope.
04-05-2022 02:04:02.905 [java] [DEBUG] Comparing 'org.example.StepImplementation.ensureInstallationInstructionsAreAvailable' and 'org.example.StepImplementation.ensureInstallationInstructionsAreAvailable'
04-05-2022 02:04:02.905 [java] [DEBUG] Found Ensure installation instructions are available in current project scope.
04-05-2022 02:04:02.905 [java] [DEBUG] Comparing 'Tests.HomeTest.clickLogin2' and 'Tests.HomeTest.clickLogin2'
04-05-2022 02:04:02.905 [java] [DEBUG] Found Kullanï¿½cï¿½ Giriï¿½ Yap'a tï¿½klar. in current project scope.
04-05-2022 02:04:02.905 [java] [DEBUG] Comparing 'Tests.LoginTest.setEmail' and 'Tests.LoginTest.setEmail'
04-05-2022 02:04:02.905 [java] [DEBUG] Found Email alanï¿½na {} yazï¿½lï¿½r. in current project scope.
04-05-2022 02:04:02.906 [java] [DEBUG] Comparing 'org.example.StepImplementation.gotoGetStartedPage' and 'org.example.StepImplementation.gotoGetStartedPage'
04-05-2022 02:04:02.906 [java] [DEBUG] Found Go to Gauge Get Started Page in current project scope.
04-05-2022 02:04:02.906 [java] [DEBUG] Comparing 'Tests.HomeTest.userVisitSite' and 'Tests.HomeTest.userVisitSite'
04-05-2022 02:04:02.906 [java] [DEBUG] Found Kullanï¿½cï¿½ {} sitesini ziyaret eder in current project scope.
04-05-2022 02:04:02.906 [java] [DEBUG] Comparing 'org.example.StepImplementation.implementation1' and 'org.example.StepImplementation.implementation1'
04-05-2022 02:04:02.906 [java] [DEBUG] Found Open the Gauge homepage in current project scope.
04-05-2022 02:04:02.906 [java] [DEBUG] Scanning packages for hooks
04-05-2022 02:04:02.913 [java] [DEBUG] Scanned steps (using static parsing + reflections): 
04-05-2022 02:04:02.913 [java] [DEBUG] 	Kullanï¿½cï¿½ Giriï¿½ Yap'a tï¿½klar. : public void clickLogin2()
04-05-2022 02:04:02.913 [java] [DEBUG] 	Open the Gauge homepage : public void implementation1()
04-05-2022 02:04:02.913 [java] [DEBUG] 	Go to Gauge Get Started Page : public void gotoGetStartedPage() throws InterruptedException
04-05-2022 02:04:02.913 [java] [DEBUG] 	Kullanï¿½cï¿½ {} sitesini ziyaret eder : public void userVisitSite(String key)
04-05-2022 02:04:02.913 [java] [DEBUG] 	Kullanï¿½cï¿½ {} tabï¿½na gider. : public void clickLogin(String xxx)
04-05-2022 02:04:02.913 [java] [DEBUG] 	Kullanï¿½cï¿½ {} yazï¿½sï¿½ aldï¿½ï¿½ï¿½nï¿½ gï¿½rï¿½r. : public void checkErrorMessage(String type)
04-05-2022 02:04:02.913 [java] [DEBUG] 	Email alanï¿½na {} yazï¿½lï¿½r. : public void setEmail(String email)
04-05-2022 02:04:02.913 [java] [DEBUG] 	Ensure installation instructions are available : public void ensureInstallationInstructionsAreAvailable() throws InterruptedException
04-05-2022 02:04:02.913 [java] [DEBUG] 	Kullanï¿½cï¿½ E-Mail yazdï¿½ktan sonra Giriï¿½ Yap'a tï¿½klar. : public void clickSubmit()
04-05-2022 02:04:03.911 [Gauge] [DEBUG] Validation completed.
04-05-2022 02:04:03.912 [Gauge] [DEBUG] Run started
04-05-2022 02:04:03.913 [Gauge] [DEBUG] Starting Html Report plugin
04-05-2022 02:04:03.928 [Gauge] [DEBUG] Attempting to connect to grpc server at port: 56427
04-05-2022 02:04:03.929 [Gauge] [DEBUG] Successfully made the connection with plugin with port: 56427
04-05-2022 02:04:03.929 [Gauge] [DEBUG] Initialising suite data store.
04-05-2022 02:04:04.595 [java] [ERROR] Starting ChromeDriver 100.0.4896.60 (6a5d10861ce8de5fce22564658033b43cb7de047-refs/branch-heads/4896@{#875}) on port 10956
04-05-2022 02:04:04.595 [java] [ERROR] Only local connections are allowed.
04-05-2022 02:04:04.595 [java] [ERROR] Please see https://chromedriver.chromium.org/security-considerations for suggestions on keeping ChromeDriver safe.
04-05-2022 02:04:04.601 [java] [ERROR] ChromeDriver was started successfully.
04-05-2022 02:04:05.659 [java] [ERROR] May 04, 2022 2:04:05 ÖÖ org.openqa.selenium.remote.ProtocolHandshake createSession
04-05-2022 02:04:05.659 [java] [ERROR] INFO: Detected dialect: W3C
04-05-2022 02:04:05.830 [java] [DEBUG] Executing 'Kullanï¿½cï¿½ {} sitesini ziyaret eder' using 'class Tests.HomeTest.userVisitSite
04-05-2022 02:04:09.491 [java] [DEBUG] Executing 'Kullanï¿½cï¿½ {} tabï¿½na gider.' using 'class Tests.HomeTest.clickLogin
04-05-2022 02:04:10.301 [java] [DEBUG] Executing 'Kullanï¿½cï¿½ Giriï¿½ Yap'a tï¿½klar.' using 'class Tests.HomeTest.clickLogin2
04-05-2022 02:04:11.493 [java] [DEBUG] Executing 'Email alanï¿½na {} yazï¿½lï¿½r.' using 'class Tests.LoginTest.setEmail
04-05-2022 02:04:13.756 [java] [DEBUG] Executing 'Kullanï¿½cï¿½ E-Mail yazdï¿½ktan sonra Giriï¿½ Yap'a tï¿½klar.' using 'class Tests.LoginTest.clickSubmit
04-05-2022 02:04:14.948 [java] [DEBUG] Executing 'Kullanï¿½cï¿½ {} yazï¿½sï¿½ aldï¿½ï¿½ï¿½nï¿½ gï¿½rï¿½r.' using 'class Tests.LoginTest.checkErrorMessage
04-05-2022 02:04:15.774 [html-report] [DEBUG] Transformed SuiteResult to report structure
04-05-2022 02:04:15.797 [html-report] [INFO] Successfully generated html-report to => C:\Users\ECK\Desktop\test\ReadyTestECK\HepsiburadaUiCaseEmailTest\untitled\reports\html-report\index.html
04-05-2022 02:04:15.797 [html-report] [DEBUG] Done generating HTML report using theme from C:\Users\ECK\AppData\Roaming\gauge\plugins\html-report\4.1.4\themes\default
04-05-2022 02:04:15.797 [Gauge] [DEBUG] Sending kill message to Html Report plugin.
04-05-2022 02:04:16.463 [Gauge] [DEBUG] Runner with PID:9192 has exited
04-05-2022 02:04:16.463 [Gauge] [INFO] Specifications:	1 executed	1 passed	0 failed	0 skipped
04-05-2022 02:04:16.463 [Gauge] [INFO] Scenarios:	1 executed	1 passed	0 failed	0 skipped
04-05-2022 02:04:16.463 [Gauge] [INFO] 
Total time taken: 11.861s
04-05-2022 02:23:42.256 [Gauge] [DEBUG] Created gauge_screenshots_dir at C:\Users\ECK\Desktop\test\ReadyTestECK\HepsiburadaUiCaseEmailTest\.gauge\screenshots
04-05-2022 02:23:42.258 [Gauge] [DEBUG] Plugin html-report is already installed.
04-05-2022 02:23:42.258 [Gauge] [DEBUG] Plugin java is already installed.
04-05-2022 02:23:42.259 [Gauge] [DEBUG] Parsing started.
04-05-2022 02:23:42.259 [Gauge] [DEBUG] Started concepts parsing.
04-05-2022 02:23:42.264 [Gauge] [DEBUG] 0 concepts parsing completed.
04-05-2022 02:23:42.265 [Gauge] [DEBUG] Started specifications parsing.
04-05-2022 02:23:42.265 [Gauge] [DEBUG] 1 specifications parsing completed.
04-05-2022 02:23:42.265 [Gauge] [DEBUG] Parsing completed.
04-05-2022 02:23:42.288 [java] [DEBUG] ***** Printing Properties/Env Values *****
04-05-2022 02:23:42.288 [java] [DEBUG] PATH: C:\Program Files\Common Files\Oracle\Java\javapath;C:\Program Files (x86)\Common Files\Oracle\Java\javapath;C:\Windows\system32;C:\Windows;C:\Windows\System32\Wbem;C:\Windows\System32\WindowsPowerShell\v1.0\;C:\Windows\System32\OpenSSH\;C:\Program Files\Gauge\bin;C:\Program Files\Java\jdk-18.0.1\bin;C:\Program Files\Apache\maven\apache-maven-3.8.5\bin;C:\Program Files\Git\cmd;C:\Users\ECK\AppData\Local\Microsoft\WindowsApps;;C:\Users\ECK\AppData\Roaming\gauge\plugins\screenshot\0.1.0
04-05-2022 02:23:42.288 [java] [DEBUG] JAVA_HOME: C:\Program Files\Java\jdk-18.0.1
04-05-2022 02:23:42.288 [java] [DEBUG] gauge_project_root: C:\Users\ECK\Desktop\test\ReadyTestECK\HepsiburadaUiCaseEmailTest
04-05-2022 02:23:42.288 [java] [DEBUG] gauge_parallel_streams_count: 4
04-05-2022 02:23:42.288 [java] [DEBUG] gauge_reports_dir: reports
04-05-2022 02:23:42.288 [java] [DEBUG] overwrite_reports: true
04-05-2022 02:23:42.288 [java] [DEBUG] logs_directory: logs
04-05-2022 02:23:42.288 [java] [DEBUG] enable_multithreading: false
04-05-2022 02:23:42.288 [java] [DEBUG] gauge_specs_dir: specs
04-05-2022 02:23:42.288 [java] [DEBUG] csv_delimiter: ,
04-05-2022 02:23:42.288 [java] [DEBUG] gauge_java_home: 
04-05-2022 02:23:42.288 [java] [DEBUG] gauge_custom_build_path: 
04-05-2022 02:23:42.288 [java] [DEBUG] gauge_additional_libs: libs/*
04-05-2022 02:23:42.288 [java] [DEBUG] gauge_jvm_args: 
04-05-2022 02:23:42.288 [java] [DEBUG] gauge_custom_compile_dir: 
04-05-2022 02:23:42.288 [java] [DEBUG] gauge_clear_state_level: scenario
04-05-2022 02:23:42.288 [java] [DEBUG] ***** END *****
04-05-2022 02:23:42.522 [Gauge] [DEBUG] Checking updates...
04-05-2022 02:23:42.526 [Gauge] [DEBUG] Downloading https://downloads.gauge.org/plugin/html-report?l=java&p=html-report,java,screenshot,spectacle,xml-report&o=windows&a=amd64
04-05-2022 02:23:42.826 [Gauge] [DEBUG] Downloading https://downloads.gauge.org/plugin/java?l=java&p=html-report,java,screenshot,spectacle,xml-report&o=windows&a=amd64
04-05-2022 02:23:42.907 [Gauge] [DEBUG] Downloading https://downloads.gauge.org/plugin/screenshot?l=java&p=html-report,java,screenshot,spectacle,xml-report&o=windows&a=amd64
04-05-2022 02:23:42.979 [Gauge] [DEBUG] Downloading https://downloads.gauge.org/plugin/spectacle?l=java&p=html-report,java,screenshot,spectacle,xml-report&o=windows&a=amd64
04-05-2022 02:23:43.075 [Gauge] [DEBUG] Downloading https://downloads.gauge.org/plugin/xml-report?l=java&p=html-report,java,screenshot,spectacle,xml-report&o=windows&a=amd64
04-05-2022 02:23:45.599 [java] [ERROR] Installed version of gauge-java (0.8.1) does not match with dependency gauge-java (0.7.13) specified in pom.xml file
04-05-2022 02:23:45.600 [java] [DEBUG] classpath set to C:\Users\ECK\.jdks\openjdk-18.0.1!\java.base;C:\Users\ECK\.jdks\openjdk-18.0.1!\java.compiler;C:\Users\ECK\.jdks\openjdk-18.0.1!\java.datatransfer;C:\Users\ECK\.jdks\openjdk-18.0.1!\java.desktop;C:\Users\ECK\.jdks\openjdk-18.0.1!\java.instrument;C:\Users\ECK\.jdks\openjdk-18.0.1!\java.logging;C:\Users\ECK\.jdks\openjdk-18.0.1!\java.management;C:\Users\ECK\.jdks\openjdk-18.0.1!\java.management.rmi;C:\Users\ECK\.jdks\openjdk-18.0.1!\java.naming;C:\Users\ECK\.jdks\openjdk-18.0.1!\java.net.http;C:\Users\ECK\.jdks\openjdk-18.0.1!\java.prefs;C:\Users\ECK\.jdks\openjdk-18.0.1!\java.rmi;C:\Users\ECK\.jdks\openjdk-18.0.1!\java.scripting;C:\Users\ECK\.jdks\openjdk-18.0.1!\java.se;C:\Users\ECK\.jdks\openjdk-18.0.1!\java.security.jgss;C:\Users\ECK\.jdks\openjdk-18.0.1!\java.security.sasl;C:\Users\ECK\.jdks\openjdk-18.0.1!\java.smartcardio;C:\Users\ECK\.jdks\openjdk-18.0.1!\java.sql;C:\Users\ECK\.jdks\openjdk-18.0.1!\java.sql.rowset;C:\Users\ECK\.jdks\openjdk-18.0.1!\java.transaction.xa;C:\Users\ECK\.jdks\openjdk-18.0.1!\java.xml;C:\Users\ECK\.jdks\openjdk-18.0.1!\java.xml.crypto;C:\Users\ECK\.jdks\openjdk-18.0.1!\jdk.accessibility;C:\Users\ECK\.jdks\openjdk-18.0.1!\jdk.attach;C:\Users\ECK\.jdks\openjdk-18.0.1!\jdk.charsets;C:\Users\ECK\.jdks\openjdk-18.0.1!\jdk.compiler;C:\Users\ECK\.jdks\openjdk-18.0.1!\jdk.crypto.cryptoki;C:\Users\ECK\.jdks\openjdk-18.0.1!\jdk.crypto.ec;C:\Users\ECK\.jdks\openjdk-18.0.1!\jdk.crypto.mscapi;C:\Users\ECK\.jdks\openjdk-18.0.1!\jdk.dynalink;C:\Users\ECK\.jdks\openjdk-18.0.1!\jdk.editpad;C:\Users\ECK\.jdks\openjdk-18.0.1!\jdk.hotspot.agent;C:\Users\ECK\.jdks\openjdk-18.0.1!\jdk.httpserver;C:\Users\ECK\.jdks\openjdk-18.0.1!\jdk.incubator.foreign;C:\Users\ECK\.jdks\openjdk-18.0.1!\jdk.incubator.vector;C:\Users\ECK\.jdks\openjdk-18.0.1!\jdk.internal.ed;C:\Users\ECK\.jdks\openjdk-18.0.1!\jdk.internal.jvmstat;C:\Users\ECK\.jdks\openjdk-18.0.1!\jdk.internal.le;C:\Users\ECK\.jdks\openjdk-18.0.1!\jdk.internal.opt;C:\Users\ECK\.jdks\openjdk-18.0.1!\jdk.internal.vm.ci;C:\Users\ECK\.jdks\openjdk-18.0.1!\jdk.internal.vm.compiler;C:\Users\ECK\.jdks\openjdk-18.0.1!\jdk.internal.vm.compiler.management;C:\Users\ECK\.jdks\openjdk-18.0.1!\jdk.jartool;C:\Users\ECK\.jdks\openjdk-18.0.1!\jdk.javadoc;C:\Users\ECK\.jdks\openjdk-18.0.1!\jdk.jcmd;C:\Users\ECK\.jdks\openjdk-18.0.1!\jdk.jconsole;C:\Users\ECK\.jdks\openjdk-18.0.1!\jdk.jdeps;C:\Users\ECK\.jdks\openjdk-18.0.1!\jdk.jdi;C:\Users\ECK\.jdks\openjdk-18.0.1!\jdk.jdwp.agent;C:\Users\ECK\.jdks\openjdk-18.0.1!\jdk.jfr;C:\Users\ECK\.jdks\openjdk-18.0.1!\jdk.jlink;C:\Users\ECK\.jdks\openjdk-18.0.1!\jdk.jpackage;C:\Users\ECK\.jdks\openjdk-18.0.1!\jdk.jshell;C:\Users\ECK\.jdks\openjdk-18.0.1!\jdk.jsobject;C:\Users\ECK\.jdks\openjdk-18.0.1!\jdk.jstatd;C:\Users\ECK\.jdks\openjdk-18.0.1!\jdk.localedata;C:\Users\ECK\.jdks\openjdk-18.0.1!\jdk.management;C:\Users\ECK\.jdks\openjdk-18.0.1!\jdk.management.agent;C:\Users\ECK\.jdks\openjdk-18.0.1!\jdk.management.jfr;C:\Users\ECK\.jdks\openjdk-18.0.1!\jdk.naming.dns;C:\Users\ECK\.jdks\openjdk-18.0.1!\jdk.naming.rmi;C:\Users\ECK\.jdks\openjdk-18.0.1!\jdk.net;C:\Users\ECK\.jdks\openjdk-18.0.1!\jdk.nio.mapmode;C:\Users\ECK\.jdks\openjdk-18.0.1!\jdk.random;C:\Users\ECK\.jdks\openjdk-18.0.1!\jdk.sctp;C:\Users\ECK\.jdks\openjdk-18.0.1!\jdk.security.auth;C:\Users\ECK\.jdks\openjdk-18.0.1!\jdk.security.jgss;C:\Users\ECK\.jdks\openjdk-18.0.1!\jdk.unsupported;C:\Users\ECK\.jdks\openjdk-18.0.1!\jdk.unsupported.desktop;C:\Users\ECK\.jdks\openjdk-18.0.1!\jdk.xml.dom;C:\Users\ECK\.jdks\openjdk-18.0.1!\jdk.zipfs;C:\Users\ECK\Desktop\test\ReadyTestECK\HepsiburadaUiCaseEmailTest\target\test-classes;C:\Users\ECK\.m2\repository\com\thoughtworks\gauge\gauge-java\0.7.13\gauge-java-0.7.13.jar;C:\Users\ECK\.m2\repository\com\github\javaparser\javaparser-core\3.16.2\javaparser-core-3.16.2.jar;C:\Users\ECK\.m2\repository\commons-io\commons-io\2.8.0\commons-io-2.8.0.jar;C:\Users\ECK\.m2\repository\commons-lang\commons-lang\2.6\commons-lang-2.6.jar;C:\Users\ECK\.m2\repository\org\json\json\20200518\json-20200518.jar;C:\Users\ECK\.m2\repository\com\google\protobuf\protobuf-java\3.13.0\protobuf-java-3.13.0.jar;C:\Users\ECK\.m2\repository\com\google\guava\guava\29.0-jre\guava-29.0-jre.jar;C:\Users\ECK\.m2\repository\com\google\guava\failureaccess\1.0.1\failureaccess-1.0.1.jar;C:\Users\ECK\.m2\repository\com\google\guava\listenablefuture\9999.0-empty-to-avoid-conflict-with-guava\listenablefuture-9999.0-empty-to-avoid-conflict-with-guava.jar;C:\Users\ECK\.m2\repository\com\google\code\findbugs\jsr305\3.0.2\jsr305-3.0.2.jar;C:\Users\ECK\.m2\repository\org\checkerframework\checker-qual\2.11.1\checker-qual-2.11.1.jar;C:\Users\ECK\.m2\repository\com\google\errorprone\error_prone_annotations\2.3.4\error_prone_annotations-2.3.4.jar;C:\Users\ECK\.m2\repository\com\google\j2objc\j2objc-annotations\1.3\j2objc-annotations-1.3.jar;C:\Users\ECK\.m2\repository\io\grpc\grpc-netty-shaded\1.33.0\grpc-netty-shaded-1.33.0.jar;C:\Users\ECK\.m2\repository\io\grpc\grpc-core\1.33.0\grpc-core-1.33.0.jar;C:\Users\ECK\.m2\repository\com\google\android\annotations\4.1.1.4\annotations-4.1.1.4.jar;C:\Users\ECK\.m2\repository\io\perfmark\perfmark-api\0.19.0\perfmark-api-0.19.0.jar;C:\Users\ECK\.m2\repository\io\grpc\grpc-protobuf\1.33.0\grpc-protobuf-1.33.0.jar;C:\Users\ECK\.m2\repository\io\grpc\grpc-api\1.33.0\grpc-api-1.33.0.jar;C:\Users\ECK\.m2\repository\io\grpc\grpc-context\1.33.0\grpc-context-1.33.0.jar;C:\Users\ECK\.m2\repository\com\google\api\grpc\proto-google-common-protos\1.17.0\proto-google-common-protos-1.17.0.jar;C:\Users\ECK\.m2\repository\io\grpc\grpc-protobuf-lite\1.33.0\grpc-protobuf-lite-1.33.0.jar;C:\Users\ECK\.m2\repository\org\codehaus\mojo\animal-sniffer-annotations\1.18\animal-sniffer-annotations-1.18.jar;C:\Users\ECK\.m2\repository\io\grpc\grpc-stub\1.33.0\grpc-stub-1.33.0.jar;C:\Users\ECK\.m2\repository\javax\annotation\javax.annotation-api\1.3.2\javax.annotation-api-1.3.2.jar;C:\Users\ECK\.m2\repository\org\assertj\assertj-core\3.10.0\assertj-core-3.10.0.jar;C:\Users\ECK\.m2\repository\org\seleniumhq\selenium\selenium-java\3.141.59\selenium-java-3.141.59.jar;C:\Users\ECK\.m2\repository\org\seleniumhq\selenium\selenium-api\3.141.59\selenium-api-3.141.59.jar;C:\Users\ECK\.m2\repository\org\seleniumhq\selenium\selenium-chrome-driver\3.141.59\selenium-chrome-driver-3.141.59.jar;C:\Users\ECK\.m2\repository\org\seleniumhq\selenium\selenium-edge-driver\3.141.59\selenium-edge-driver-3.141.59.jar;C:\Users\ECK\.m2\repository\org\seleniumhq\selenium\selenium-firefox-driver\3.141.59\selenium-firefox-driver-3.141.59.jar;C:\Users\ECK\.m2\repository\org\seleniumhq\selenium\selenium-ie-driver\3.141.59\selenium-ie-driver-3.141.59.jar;C:\Users\ECK\.m2\repository\org\seleniumhq\selenium\selenium-opera-driver\3.141.59\selenium-opera-driver-3.141.59.jar;C:\Users\ECK\.m2\repository\org\seleniumhq\selenium\selenium-remote-driver\3.141.59\selenium-remote-driver-3.141.59.jar;C:\Users\ECK\.m2\repository\org\seleniumhq\selenium\selenium-safari-driver\3.141.59\selenium-safari-driver-3.141.59.jar;C:\Users\ECK\.m2\repository\org\seleniumhq\selenium\selenium-support\3.141.59\selenium-support-3.141.59.jar;C:\Users\ECK\.m2\repository\net\bytebuddy\byte-buddy\1.8.15\byte-buddy-1.8.15.jar;C:\Users\ECK\.m2\repository\org\apache\commons\commons-exec\1.3\commons-exec-1.3.jar;C:\Users\ECK\.m2\repository\com\squareup\okhttp3\okhttp\3.11.0\okhttp-3.11.0.jar;C:\Users\ECK\.m2\repository\com\squareup\okio\okio\1.14.0\okio-1.14.0.jar;C:\Users\ECK\.m2\repository\io\github\bonigarcia\webdrivermanager\4.2.0\webdrivermanager-4.2.0.jar;C:\Users\ECK\.m2\repository\org\slf4j\slf4j-api\1.7.30\slf4j-api-1.7.30.jar;C:\Users\ECK\.m2\repository\com\google\code\gson\gson\2.8.6\gson-2.8.6.jar;C:\Users\ECK\.m2\repository\org\apache\commons\commons-lang3\3.11\commons-lang3-3.11.jar;C:\Users\ECK\.m2\repository\org\apache\httpcomponents\client5\httpclient5\5.0.1\httpclient5-5.0.1.jar;C:\Users\ECK\.m2\repository\org\apache\httpcomponents\core5\httpcore5\5.0.1\httpcore5-5.0.1.jar;C:\Users\ECK\.m2\repository\org\apache\httpcomponents\core5\httpcore5-h2\5.0.1\httpcore5-h2-5.0.1.jar;C:\Users\ECK\.m2\repository\commons-codec\commons-codec\1.13\commons-codec-1.13.jar;C:\Users\ECK\.m2\repository\org\rauschig\jarchivelib\1.0.0\jarchivelib-1.0.0.jar;C:\Users\ECK\.m2\repository\org\apache\commons\commons-compress\1.18\commons-compress-1.18.jar;C:\Users\ECK\.m2\repository\org\jsoup\jsoup\1.13.1\jsoup-1.13.1.jar;C:\Users\ECK\.m2\repository\org\reflections\reflections\0.9.10\reflections-0.9.10.jar;C:\Users\ECK\.m2\repository\org\javassist\javassist\3.19.0-GA\javassist-3.19.0-GA.jar;C:\Users\ECK\.m2\repository\com\google\code\findbugs\annotations\2.0.1\annotations-2.0.1.jar;C:\Users\ECK\.m2\repository\junit\junit\4.12\junit-4.12.jar;C:\Users\ECK\.m2\repository\org\hamcrest\hamcrest-core\1.3\hamcrest-core-1.3.jar
04-05-2022 02:23:45.632 [java] [DEBUG] found java executable in C:\Program Files\Java\jdk-18.0.1\bin\java.exe
04-05-2022 02:23:45.632 [java] [DEBUG] running - C:\Program Files\Java\jdk-18.0.1\bin\java.exe [-Dfile.encoding=UTF-8 com.thoughtworks.gauge.GaugeRuntime --start]
04-05-2022 02:23:45.632 [java] [DEBUG] stdout/stderr is logged to logs\3452-java.exe.out
04-05-2022 02:23:45.811 [java] [DEBUG] multithreading is set to false
04-05-2022 02:23:46.163 [java] [DEBUG] Using reflection to scan dependencies for gauge implementations...
04-05-2022 02:23:46.233 [java] [ERROR] SLF4J: Failed to load class "org.slf4j.impl.StaticLoggerBinder".
04-05-2022 02:23:46.233 [java] [ERROR] SLF4J: Defaulting to no-operation (NOP) logger implementation
04-05-2022 02:23:46.233 [java] [ERROR] SLF4J: See http://www.slf4j.org/codes.html#StaticLoggerBinder for further details.
04-05-2022 02:23:46.635 [java] [DEBUG] gauge-java took 794milliseconds to load and scan. This should be less than 'runner_connection_timeout' config value.
04-05-2022 02:23:46.635 [java] [DEBUG] run 'gauge config runner_connection_timeout' and verify that it is < 794
04-05-2022 02:23:46.635 [java] [DEBUG] starting gRPC server...
04-05-2022 02:23:46.768 [java] [DEBUG] started gRPC server on port 57211
04-05-2022 02:23:46.769 [Gauge] [DEBUG] Attempting to connect to grpc server at port: 57211
04-05-2022 02:23:46.947 [Gauge] [DEBUG] Successfully made the connection with runner with port: 57211
04-05-2022 02:23:46.947 [Gauge] [DEBUG] Validation started.
04-05-2022 02:23:47.748 [java] [DEBUG] Scanning packages for steps
04-05-2022 02:23:47.762 [java] [DEBUG] Comparing 'Tests.LoginTest.clickSubmit' and 'Tests.LoginTest.clickSubmit'
04-05-2022 02:23:47.764 [java] [DEBUG] Found Kullanï¿½cï¿½ E-Mail yazdï¿½ktan sonra Giriï¿½ Yap'a tï¿½klar. in current project scope.
04-05-2022 02:23:47.764 [java] [DEBUG] Comparing 'Tests.HomeTest.clickLogin' and 'Tests.HomeTest.clickLogin'
04-05-2022 02:23:47.764 [java] [DEBUG] Found Kullanï¿½cï¿½ {} tabï¿½na gider. in current project scope.
04-05-2022 02:23:47.764 [java] [DEBUG] Comparing 'Tests.LoginTest.checkErrorMessage' and 'Tests.LoginTest.checkErrorMessage'
04-05-2022 02:23:47.764 [java] [DEBUG] Found Kullanï¿½cï¿½ {} yazï¿½sï¿½ aldï¿½ï¿½ï¿½nï¿½ gï¿½rï¿½r. in current project scope.
04-05-2022 02:23:47.764 [java] [DEBUG] Comparing 'org.example.StepImplementation.ensureInstallationInstructionsAreAvailable' and 'org.example.StepImplementation.ensureInstallationInstructionsAreAvailable'
04-05-2022 02:23:47.764 [java] [DEBUG] Found Ensure installation instructions are available in current project scope.
04-05-2022 02:23:47.766 [java] [DEBUG] Comparing 'Tests.HomeTest.clickLogin2' and 'Tests.HomeTest.clickLogin2'
04-05-2022 02:23:47.766 [java] [DEBUG] Found Kullanï¿½cï¿½ Giriï¿½ Yap'a tï¿½klar. in current project scope.
04-05-2022 02:23:47.766 [java] [DEBUG] Comparing 'Tests.LoginTest.setEmail' and 'Tests.LoginTest.setEmail'
04-05-2022 02:23:47.766 [java] [DEBUG] Found Email alanï¿½na {} yazï¿½lï¿½r. in current project scope.
04-05-2022 02:23:47.766 [java] [DEBUG] Comparing 'org.example.StepImplementation.gotoGetStartedPage' and 'org.example.StepImplementation.gotoGetStartedPage'
04-05-2022 02:23:47.766 [java] [DEBUG] Found Go to Gauge Get Started Page in current project scope.
04-05-2022 02:23:47.766 [java] [DEBUG] Comparing 'Tests.HomeTest.userVisitSite' and 'Tests.HomeTest.userVisitSite'
04-05-2022 02:23:47.766 [java] [DEBUG] Found Kullanï¿½cï¿½ {} sitesini ziyaret eder in current project scope.
04-05-2022 02:23:47.766 [java] [DEBUG] Comparing 'org.example.StepImplementation.implementation1' and 'org.example.StepImplementation.implementation1'
04-05-2022 02:23:47.766 [java] [DEBUG] Found Open the Gauge homepage in current project scope.
04-05-2022 02:23:47.766 [java] [DEBUG] Scanning packages for hooks
04-05-2022 02:23:47.773 [java] [DEBUG] Scanned steps (using static parsing + reflections): 
04-05-2022 02:23:47.773 [java] [DEBUG] 	Kullanï¿½cï¿½ Giriï¿½ Yap'a tï¿½klar. : public void clickLogin2()
04-05-2022 02:23:47.773 [java] [DEBUG] 	Open the Gauge homepage : public void implementation1()
04-05-2022 02:23:47.773 [java] [DEBUG] 	Go to Gauge Get Started Page : public void gotoGetStartedPage() throws InterruptedException
04-05-2022 02:23:47.775 [java] [DEBUG] 	Kullanï¿½cï¿½ {} sitesini ziyaret eder : public void userVisitSite(String key)
04-05-2022 02:23:47.775 [java] [DEBUG] 	Kullanï¿½cï¿½ {} tabï¿½na gider. : public void clickLogin(String xxx)
04-05-2022 02:23:47.775 [java] [DEBUG] 	Kullanï¿½cï¿½ {} yazï¿½sï¿½ aldï¿½ï¿½ï¿½nï¿½ gï¿½rï¿½r. : public void checkErrorMessage(String type)
04-05-2022 02:23:47.775 [java] [DEBUG] 	Email alanï¿½na {} yazï¿½lï¿½r. : public void setEmail(String email)
04-05-2022 02:23:47.775 [java] [DEBUG] 	Ensure installation instructions are available : public void ensureInstallationInstructionsAreAvailable() throws InterruptedException
04-05-2022 02:23:47.775 [java] [DEBUG] 	Kullanï¿½cï¿½ E-Mail yazdï¿½ktan sonra Giriï¿½ Yap'a tï¿½klar. : public void clickSubmit()
04-05-2022 02:23:48.797 [Gauge] [DEBUG] Validation completed.
04-05-2022 02:23:48.799 [Gauge] [DEBUG] Run started
04-05-2022 02:23:48.800 [Gauge] [DEBUG] Starting Html Report plugin
04-05-2022 02:23:48.828 [Gauge] [DEBUG] Attempting to connect to grpc server at port: 57214
04-05-2022 02:23:48.828 [Gauge] [DEBUG] Successfully made the connection with plugin with port: 57214
04-05-2022 02:23:48.829 [Gauge] [DEBUG] Initialising suite data store.
04-05-2022 02:23:49.543 [java] [ERROR] Starting ChromeDriver 100.0.4896.60 (6a5d10861ce8de5fce22564658033b43cb7de047-refs/branch-heads/4896@{#875}) on port 42364
04-05-2022 02:23:49.543 [java] [ERROR] Only local connections are allowed.
04-05-2022 02:23:49.543 [java] [ERROR] Please see https://chromedriver.chromium.org/security-considerations for suggestions on keeping ChromeDriver safe.
04-05-2022 02:23:49.548 [java] [ERROR] ChromeDriver was started successfully.
04-05-2022 02:23:50.633 [java] [ERROR] May 04, 2022 2:23:50 ÖÖ org.openqa.selenium.remote.ProtocolHandshake createSession
04-05-2022 02:23:50.633 [java] [ERROR] INFO: Detected dialect: W3C
04-05-2022 02:23:50.814 [java] [DEBUG] Executing 'Kullanï¿½cï¿½ {} sitesini ziyaret eder' using 'class Tests.HomeTest.userVisitSite
04-05-2022 02:23:54.639 [java] [DEBUG] Executing 'Kullanï¿½cï¿½ {} tabï¿½na gider.' using 'class Tests.HomeTest.clickLogin
04-05-2022 02:23:55.577 [java] [DEBUG] Executing 'Kullanï¿½cï¿½ Giriï¿½ Yap'a tï¿½klar.' using 'class Tests.HomeTest.clickLogin2
04-05-2022 02:23:56.642 [java] [DEBUG] Executing 'Email alanï¿½na {} yazï¿½lï¿½r.' using 'class Tests.LoginTest.setEmail
04-05-2022 02:23:59.350 [java] [DEBUG] Executing 'Kullanï¿½cï¿½ E-Mail yazdï¿½ktan sonra Giriï¿½ Yap'a tï¿½klar.' using 'class Tests.LoginTest.clickSubmit
04-05-2022 02:24:00.538 [java] [DEBUG] Executing 'Kullanï¿½cï¿½ {} yazï¿½sï¿½ aldï¿½ï¿½ï¿½nï¿½ gï¿½rï¿½r.' using 'class Tests.LoginTest.checkErrorMessage
04-05-2022 02:24:01.468 [html-report] [DEBUG] Transformed SuiteResult to report structure
04-05-2022 02:24:01.530 [Gauge] [DEBUG] Sending kill message to Html Report plugin.
04-05-2022 02:24:01.531 [html-report] [INFO] Successfully generated html-report to => C:\Users\ECK\Desktop\test\ReadyTestECK\HepsiburadaUiCaseEmailTest\reports\html-report\index.html
04-05-2022 02:24:01.531 [html-report] [DEBUG] Done generating HTML report using theme from C:\Users\ECK\AppData\Roaming\gauge\plugins\html-report\4.1.4\themes\default
04-05-2022 02:24:02.093 [Gauge] [DEBUG] Runner with PID:3452 has exited
04-05-2022 02:24:02.093 [Gauge] [INFO] Specifications:	1 executed	1 passed	0 failed	0 skipped
04-05-2022 02:24:02.093 [Gauge] [INFO] Scenarios:	1 executed	1 passed	0 failed	0 skipped
04-05-2022 02:24:02.093 [Gauge] [INFO] 
Total time taken: 12.664s
